Setting logging level to INFO
2026-02-18 09:50:07.492-0500 | main | INFO  | Besu | Starting Besu
2026-02-18 09:50:07.768-0500 | main | INFO  | Besu | RPC HTTP JSON-RPC config: JsonRpcConfiguration{enabled=true, port=8059, host=0.0.0.0, corsAllowedDomains=[*], hostsAllowlist=[*], rpcApis=[ETH, NET, WEB3, TXPOOL, TRACE], authenticationEnabled=false, authenticationCredentialsFile=null, authenticationPublicKeyFile=null, tlsConfiguration=Optional.empty, httpTimeoutSec=30, maxActiveConnections=80, maxBatchSize=1024}
2026-02-18 09:50:07.769-0500 | main | WARN  | Besu | Forcing --bonsai-limit-trie-logs-enabled=false, since it cannot be enabled with --sync-mode=FULL and --data-storage-format=BONSAI.
2026-02-18 09:50:07.770-0500 | main | INFO  | Besu | Connecting to 0 static nodes.
2026-02-18 09:50:07.777-0500 | main | WARN  | Besu | Forcing price bump for transaction replacement to 0, since min-gas-price is set to 0
2026-02-18 09:50:07.777-0500 | main | WARN  | Besu | Forcing tx-pool-min-gas-price=0, since it cannot be greater than the value of min-gas-price
2026-02-18 09:50:07.788-0500 | main | INFO  | Besu | jemalloc library not found, memory usage may be reduced by installing it
2026-02-18 09:50:07.846-0500 | main | INFO  | Besu | 
####################################################################################################
#                                                                                                  #
# Besu version 25.11.0                                                                             #
#                                                                                                  #
# Configuration:                                                                                   #
# Network: Custom genesis file                                                                     #
# /home/unified/server-UGO-besu/Nodes/Node-Sunwest-RPC/../../genesis.json                          #
# Network Id: 12345                                                                                #
# Profile: ENTERPRISE                                                                              #
# Data storage: Bonsai                                                                             #
# Sync mode: Full                                                                                  #
# Sync min peers: 5                                                                                #
# RPC HTTP APIs: ETH,NET,WEB3,TXPOOL,TRACE                                                         #
# RPC HTTP port: 8059                                                                              #
# Using LAYERED transaction pool implementation                                                    #
# Using STACKED worldstate update mode                                                             #
# Opcode optimizations enabled                                                                     #
# Parallel transaction processing enabled                                                          #
# Target Gas Limit: 60M                                                                            #
#                                                                                                  #
# Host:                                                                                            #
# Java: openjdk-java-21                                                                            #
# Maximum heap size: 3.88 GB                                                                       #
# OS: linux-x86_64                                                                                 #
# glibc: 2.39                                                                                      #
# Total memory: 15.49 GB                                                                           #
# CPU cores: 24                                                                                    #
#                                                                                                  #
# Plugin Registration Summary:                                                                     #
# No plugins have been registered.                                                                 #
# TOTAL = 0 of 0 plugins successfully registered.                                                  #
#                                                                                                  #
####################################################################################################
2026-02-18 09:50:07.846-0500 | main | INFO  | Besu | Security Module: localfile
2026-02-18 09:50:07.847-0500 | main | INFO  | VersionMetadata | Lookup version metadata file in data directory: /home/unified/server-UGO-besu/Nodes/Node-Sunwest-RPC/data
2026-02-18 09:50:07.868-0500 | main | INFO  | VersionMetadata | Existing version data detected. Besu version 25.11.0
2026-02-18 09:50:07.892-0500 | main | INFO  | Besu | Using the native implementation of alt bn128
2026-02-18 09:50:07.893-0500 | main | INFO  | Besu | Using the Java implementation of modexp
2026-02-18 09:50:07.893-0500 | main | INFO  | Besu | Using the native implementation of the signature algorithm
2026-02-18 09:50:07.895-0500 | main | INFO  | Besu | Using the native implementation of the blake2bf algorithm
2026-02-18 09:50:07.971-0500 | main | INFO  | Besu | Using the native BoringSSL implementation of p256verify
2026-02-18 09:50:08.025-0500 | main | WARN  | Besu | Forcing price bump for transaction replacement to 0, since min-gas-price is set to 0
2026-02-18 09:50:08.026-0500 | main | WARN  | Besu | Forcing tx-pool-min-gas-price=0, since it cannot be greater than the value of min-gas-price
2026-02-18 09:50:08.029-0500 | main | INFO  | KeyPairUtil | Attempting to load public key from /home/unified/server-UGO-besu/Nodes/Node-Sunwest-RPC/data/key
2026-02-18 09:50:08.045-0500 | main | INFO  | KeyPairUtil | Loaded public key 0x68d68e59e871c225f0b610fb7dae0ecd26ce8d10adba85748404eeb185eca6f2137170ecc5ac30a47e8ab12fc6865de98af4b0f9730fb539e5e8ba0e875fb3bf from /home/unified/server-UGO-besu/Nodes/Node-Sunwest-RPC/data/key
2026-02-18 09:50:08.116-0500 | main | INFO  | ProtocolScheduleBuilder | Protocol schedule created with milestones: [Berlin:0]
2026-02-18 09:50:08.118-0500 | main | INFO  | DatabaseMetadata | Lookup database metadata file in data directory: /home/unified/server-UGO-besu/Nodes/Node-Sunwest-RPC/data
2026-02-18 09:50:08.134-0500 | main | INFO  | RocksDBKeyValueStorageFactory | Existing database at /home/unified/server-UGO-besu/Nodes/Node-Sunwest-RPC/data. Metadata versionedStorageFormat=BaseVersionedStorageFormat{format=BONSAI, version=3}. Processing WAL...
2026-02-18 09:50:08.412-0500 | main | INFO  | FlatDbStrategyProvider | Flat db mode found FULL
2026-02-18 09:50:08.415-0500 | main | INFO  | FlatDbStrategyProvider | DB mode with code stored using code hash enabled = true
2026-02-18 09:50:08.428-0500 | main | INFO  | FlatDbStrategyProvider | Flat db mode found FULL
2026-02-18 09:50:08.428-0500 | main | INFO  | FlatDbStrategyProvider | DB mode with code stored using code hash enabled = true
2026-02-18 09:50:08.505-0500 | main | INFO  | TransactionPoolFactory | Enabling transaction pool
2026-02-18 09:50:08.519-0500 | main | INFO  | BesuControllerBuilder | QBFT is configured, creating initial sync for BFT
2026-02-18 09:50:08.520-0500 | main | INFO  | BFTPivotSelectorFromPeers | Creating pivot block selector for BFT node
2026-02-18 09:50:08.549-0500 | main | INFO  | RunnerBuilder | Resolved 1 bootnodes.
2026-02-18 09:50:08.555-0500 | main | INFO  | RunnerBuilder | Detecting NAT service.
2026-02-18 09:50:08.763-0500 | main | INFO  | Runner | Starting external services ... 
2026-02-18 09:50:08.763-0500 | main | INFO  | MetricsHttpService | Starting metrics http service on 0.0.0.0:9552
2026-02-18 09:50:08.780-0500 | main | INFO  | JsonRpcHttpService | Starting JSON-RPC service on 0.0.0.0:8059
2026-02-18 09:50:08.859-0500 | vert.x-eventloop-thread-1 | INFO  | JsonRpcHttpService | JSON-RPC service started and listening on 0.0.0.0:8059
2026-02-18 09:50:08.860-0500 | main | INFO  | WebSocketService | Starting Websocket service on 0.0.0.0:8060
2026-02-18 09:50:08.862-0500 | vert.x-eventloop-thread-1 | INFO  | WebSocketService | Websocket service started and listening on 0.0.0.0:8060
2026-02-18 09:50:08.862-0500 | main | INFO  | AutoTransactionLogBloomCachingService | Starting auto transaction log bloom caching service.
2026-02-18 09:50:08.863-0500 | main | INFO  | LogBloomCacheMetadata | Lookup cache metadata file in data directory: /home/unified/server-UGO-besu/Nodes/Node-Sunwest-RPC/data/caches
2026-02-18 09:50:08.868-0500 | main | INFO  | Runner | Starting Ethereum main loop ... 
2026-02-18 09:50:08.868-0500 | main | INFO  | NatService | No NAT environment detected so no service could be started
2026-02-18 09:50:08.868-0500 | main | INFO  | NetworkRunner | Starting Network.
2026-02-18 09:50:08.874-0500 | nioEventLoopGroup-2-1 | INFO  | RlpxAgent | P2P RLPx agent started and listening on /[0:0:0:0:0:0:0:0]:30310.
2026-02-18 09:50:08.874-0500 | main | INFO  | PeerDiscoveryAgent | Starting peer discovery agent on host=0.0.0.0, port=30310. IPv6 available.
2026-02-18 09:50:08.881-0500 | vert.x-eventloop-thread-1 | INFO  | VertxPeerDiscoveryAgent | Started peer discovery agent successfully, on effective host=0:0:0:0:0:0:0:0 and port=30310
2026-02-18 09:50:08.882-0500 | vert.x-eventloop-thread-1 | INFO  | PeerDiscoveryAgent | P2P peer discovery agent started and listening on /[0:0:0:0:0:0:0:0]:30310
2026-02-18 09:50:08.901-0500 | vert.x-eventloop-thread-1 | INFO  | PeerDiscoveryAgent | Writing node record to disk. NodeRecord{seq=2, publicKey=0x0368d68e59e871c225f0b610fb7dae0ecd26ce8d10adba85748404eeb185eca6f2, udpAddress=Optional[/0.0.0.0:30310], tcpAddress=Optional[/0.0.0.0:30310], udp6Address=Optional.empty, tcp6Address=Optional.empty, asBase64=-Je4QJRiWdwZKu37DoYg42kuYwLT7YKa0uDT-GpqNBFEMywDF7kLVZkYFbKUOpc_PcusnNrNwJZcJR1Vj0wb9l6CERgCg2V0aMfGhHgXe9aAgmlkgnY0gmlwhAAAAACJc2VjcDI1NmsxoQNo1o5Z6HHCJfC2EPt9rg7NJs6NEK26hXSEBO6xheym8oN0Y3CCdmaDdWRwgnZm, nodeId=0x665c5fd322baf68d2d6497983523df63cecb2c139f4dc783573e84bd4ce277cd, customFields={tcp=30310, udp=30310, eth=[[0x78177bd6, 0x]], id=V4, ip=0x00000000, secp256k1=0x0368d68e59e871c225f0b610fb7dae0ecd26ce8d10adba85748404eeb185eca6f2}}
2026-02-18 09:50:08.914-0500 | main | INFO  | DefaultP2PNetwork | Enode URL enode://68d68e59e871c225f0b610fb7dae0ecd26ce8d10adba85748404eeb185eca6f2137170ecc5ac30a47e8ab12fc6865de98af4b0f9730fb539e5e8ba0e875fb3bf@0.0.0.0:30310
2026-02-18 09:50:08.914-0500 | main | INFO  | DefaultP2PNetwork | Node address 0x3523df63cecb2c139f4dc783573e84bd4ce277cd
2026-02-18 09:50:08.919-0500 | main | INFO  | NetworkRunner | Supported capabilities: [eth/68, eth/69], [istanbul/100], [snap/1]
2026-02-18 09:50:08.919-0500 | main | INFO  | DefaultSynchronizer | Starting synchronizer.
2026-02-18 09:50:08.921-0500 | main | INFO  | TransactionPoolFactory | Enabling transaction handling following initial sync
2026-02-18 09:50:08.921-0500 | main | INFO  | BftMiningCoordinator | Starting BFT mining coordinator following initial sync
2026-02-18 09:50:09.058-0500 | main | INFO  | FullSyncDownloader | Starting full sync.
2026-02-18 09:50:09.059-0500 | main | INFO  | FullSyncTargetManager | Unable to find sync target. Waiting for 5 peers minimum. Currently checking 0 peers for usefulness
2026-02-18 09:50:09.061-0500 | main | INFO  | Runner | Ethereum main loop is up.
2026-02-18 09:50:10.037-0500 | nioEventLoopGroup-3-2 | INFO  | BlockPropagationManager | Saved announced block for future import 5933 (0xcdd84aa154d39928d5e63b95c9f556d7e3ab5208ca757884caf6424f08f0e0a8) - 1 saved block(s)
2026-02-18 09:50:10.037-0500 | nioEventLoopGroup-3-2 | INFO  | BlockPropagationManager | Retrieving parent 0x6dbe9c6fab3c6c32492b65d8d73eab10f22f6eea9f0a23457e5d7a431b34f9ff of block 5933 (0xcdd84aa154d39928d5e63b95c9f556d7e3ab5208ca757884caf6424f08f0e0a8)
2026-02-18 09:50:10.058-0500 | EthScheduler-Services-0 | INFO  | BlockPropagationManager | Saved announced block for future import 5932 (0x6dbe9c6fab3c6c32492b65d8d73eab10f22f6eea9f0a23457e5d7a431b34f9ff) - 2 saved block(s)
2026-02-18 09:50:10.058-0500 | EthScheduler-Services-0 | INFO  | BlockPropagationManager | Retrieving parent 0x886269a9d9bfae9537db13ba6ea7be67add0ac59c72b4ff8d731d9856d9ce71f of block 5932 (0x6dbe9c6fab3c6c32492b65d8d73eab10f22f6eea9f0a23457e5d7a431b34f9ff)
2026-02-18 09:50:10.063-0500 | EthScheduler-Services-1 | INFO  | BlockPropagationManager | Saved announced block for future import 5931 (0x886269a9d9bfae9537db13ba6ea7be67add0ac59c72b4ff8d731d9856d9ce71f) - 3 saved block(s)
2026-02-18 09:50:10.063-0500 | EthScheduler-Services-1 | INFO  | BlockPropagationManager | Retrieving parent 0x45d5456bde1cce634d70b301548ade6bb18ce6b45802b3f626b4a8c030ba9335 of block 5931 (0x886269a9d9bfae9537db13ba6ea7be67add0ac59c72b4ff8d731d9856d9ce71f)
2026-02-18 09:50:10.066-0500 | EthScheduler-Services-0 | INFO  | BlockPropagationManager | Saved announced block for future import 5930 (0x45d5456bde1cce634d70b301548ade6bb18ce6b45802b3f626b4a8c030ba9335) - 4 saved block(s)
2026-02-18 09:50:10.066-0500 | EthScheduler-Services-0 | INFO  | BlockPropagationManager | Retrieving parent 0xf74cbd46776e3ad94f226ca41ac6985c855c701dcab637e871826d07e94ac3ac of block 5930 (0x45d5456bde1cce634d70b301548ade6bb18ce6b45802b3f626b4a8c030ba9335)
2026-02-18 09:50:10.093-0500 | EthScheduler-Workers-0 | INFO  | PersistBlockTask | Imported empty block #5,929 / 0 tx / 0 om / 0 (0.0%) gas / (0xf74cbd46776e3ad94f226ca41ac6985c855c701dcab637e871826d07e94ac3ac) in 0.019s. Peers: 1
2026-02-18 09:50:10.100-0500 | EthScheduler-Workers-0 | INFO  | PersistBlockTask | Imported empty block #5,930 / 0 tx / 0 om / 0 (0.0%) gas / (0x45d5456bde1cce634d70b301548ade6bb18ce6b45802b3f626b4a8c030ba9335) in 0.003s. Peers: 1
2026-02-18 09:50:10.101-0500 | EthScheduler-Workers-0 | INFO  | BlockPropagationManager | Imported 1 pending blocks: [5930]
2026-02-18 09:50:10.104-0500 | EthScheduler-Workers-0 | INFO  | PersistBlockTask | Imported empty block #5,931 / 0 tx / 0 om / 0 (0.0%) gas / (0x886269a9d9bfae9537db13ba6ea7be67add0ac59c72b4ff8d731d9856d9ce71f) in 0.003s. Peers: 1
2026-02-18 09:50:10.104-0500 | EthScheduler-Workers-0 | INFO  | BlockPropagationManager | Imported 1 pending blocks: [5931]
2026-02-18 09:50:10.105-0500 | EthScheduler-Workers-0 | INFO  | PersistBlockTask | Block 5931 (0x886269a9d9bfae9537db13ba6ea7be67add0ac59c72b4ff8d731d9856d9ce71f) is already imported
2026-02-18 09:50:10.107-0500 | EthScheduler-Workers-0 | INFO  | PersistBlockTask | Imported empty block #5,932 / 0 tx / 0 om / 0 (0.0%) gas / (0x6dbe9c6fab3c6c32492b65d8d73eab10f22f6eea9f0a23457e5d7a431b34f9ff) in 0.002s. Peers: 1
2026-02-18 09:50:10.108-0500 | EthScheduler-Workers-0 | INFO  | BlockPropagationManager | Imported 1 pending blocks: [5932]
2026-02-18 09:50:10.113-0500 | EthScheduler-Workers-0 | INFO  | PersistBlockTask | Block 5932 (0x6dbe9c6fab3c6c32492b65d8d73eab10f22f6eea9f0a23457e5d7a431b34f9ff) is already imported
2026-02-18 09:50:10.116-0500 | EthScheduler-Workers-0 | INFO  | PersistBlockTask | Imported empty block #5,933 / 0 tx / 0 om / 0 (0.0%) gas / (0xcdd84aa154d39928d5e63b95c9f556d7e3ab5208ca757884caf6424f08f0e0a8) in 0.003s. Peers: 1
2026-02-18 09:50:10.117-0500 | EthScheduler-Workers-0 | INFO  | BlockPropagationManager | Imported 1 pending blocks: [5933]
2026-02-18 09:50:15.040-0500 | EthScheduler-Workers-0 | INFO  | PersistBlockTask | Imported empty block #5,934 / 0 tx / 0 om / 0 (0.0%) gas / (0xc1a3a2362bc40827698cb13a8377683e714629723fbdf0d5753be3e7818b6452) in 0.008s. Peers: 2
2026-02-18 09:50:20.029-0500 | EthScheduler-Workers-0 | INFO  | PersistBlockTask | Imported empty block #5,935 / 0 tx / 0 om / 0 (0.0%) gas / (0x02e76e8a83d8dc48c1695c6771dd0174f55fa86a62421ccb95223eef02d26958) in 0.004s. Peers: 3
2026-02-18 09:50:34.390-0500 | EthScheduler-Workers-0 | INFO  | PersistBlockTask | Imported empty block #5,936 / 0 tx / 0 om / 0 (0.0%) gas / (0xb3e0132ab45ae4adf80da835c03327203fca3edc28e02ab5a44f30585e341c52) in 0.006s. Peers: 6
2026-02-18 09:50:39.034-0500 | EthScheduler-Workers-0 | INFO  | PersistBlockTask | Imported empty block #5,937 / 0 tx / 0 om / 0 (0.0%) gas / (0xc1d96b3b0d32f9e44e833a2fc901d6e3869eda87f74ec38208101a7581de7b1f) in 0.008s. Peers: 7
2026-02-18 09:50:44.030-0500 | EthScheduler-Workers-0 | INFO  | PersistBlockTask | Imported empty block #5,938 / 0 tx / 0 om / 0 (0.0%) gas / (0x815ff3269f519e3971e59b94617624c4ef9441ea18b97e951e21e3195cddb640) in 0.003s. Peers: 7
2026-02-18 09:50:49.025-0500 | EthScheduler-Workers-0 | INFO  | PersistBlockTask | Imported empty block #5,939 / 0 tx / 0 om / 0 (0.0%) gas / (0xa61b867acea7ec1d53d4d905dc6f9b03ebbddebef4f202d57eb79c9d0de2882a) in 0.004s. Peers: 7
2026-02-18 09:50:54.023-0500 | EthScheduler-Workers-0 | INFO  | PersistBlockTask | Imported empty block #5,940 / 0 tx / 0 om / 0 (0.0%) gas / (0x816f5b025066dd362d3a1d77a7fd6b84ca05ac028c45b0a43c48bbe024184aeb) in 0.005s. Peers: 7
2026-02-18 09:51:08.376-0500 | EthScheduler-Workers-0 | INFO  | PersistBlockTask | Imported empty block #5,941 / 0 tx / 0 om / 0 (0.0%) gas / (0x358a6f0d3851980e06cf165cd93ce0ff9e0c61f50f00066425e78ffd5338faa2) in 0.006s. Peers: 7
2026-02-18 09:51:13.027-0500 | EthScheduler-Workers-0 | INFO  | PersistBlockTask | Imported empty block #5,942 / 0 tx / 0 om / 0 (0.0%) gas / (0xe243543b05c6d3678d99fce00f292d3ee7186802bf0a4786dd286350d06f32e6) in 0.009s. Peers: 7
2026-02-18 09:51:18.028-0500 | EthScheduler-Workers-0 | INFO  | PersistBlockTask | Imported empty block #5,943 / 0 tx / 0 om / 0 (0.0%) gas / (0x8f6b32cf7d09f2839ba97ca230922a48525e4ceefefdc20448cb3df05774d2dd) in 0.005s. Peers: 7
2026-02-18 09:51:23.024-0500 | EthScheduler-Workers-0 | INFO  | PersistBlockTask | Imported empty block #5,944 / 0 tx / 0 om / 0 (0.0%) gas / (0xe0706806d2bd8aaf442d42d47ceb148e64a5e1f3766b6f15bbf0c0567d6099be) in 0.003s. Peers: 7
2026-02-18 09:51:37.297-0500 | EthScheduler-Workers-0 | INFO  | PersistBlockTask | Imported empty block #5,945 / 0 tx / 0 om / 0 (0.0%) gas / (0xcc4c98c74155c051b16d4d9ad4f8d598495907105031546b330242793ad318a1) in 0.004s. Peers: 7
2026-02-18 09:51:42.028-0500 | EthScheduler-Workers-0 | INFO  | PersistBlockTask | Imported empty block #5,946 / 0 tx / 0 om / 0 (0.0%) gas / (0x0eedd7843205769c5dd33a5447a0739988b568ff3dc3afb7c0ecdac6cf4beb90) in 0.005s. Peers: 7
2026-02-18 09:51:47.027-0500 | EthScheduler-Workers-0 | INFO  | PersistBlockTask | Imported empty block #5,947 / 0 tx / 0 om / 0 (0.0%) gas / (0xf9a8d5a1b17b0db29cf238a8c1ed7cc9aaa229860d8c67eb5de7bae264972c29) in 0.006s. Peers: 7
2026-02-18 09:51:52.020-0500 | EthScheduler-Workers-0 | INFO  | PersistBlockTask | Imported empty block #5,948 / 0 tx / 0 om / 0 (0.0%) gas / (0x53474d9701a986617ee52b9b7f4e305588c740151d57ccde8cf8c4671db758aa) in 0.004s. Peers: 7
2026-02-18 09:51:57.020-0500 | EthScheduler-Workers-0 | INFO  | PersistBlockTask | Imported empty block #5,949 / 0 tx / 0 om / 0 (0.0%) gas / (0x4064a3b0b06376276aad7aca42b467c3de016a4a7b6f21f45f80fa6bba83a45b) in 0.005s. Peers: 7
2026-02-18 09:52:11.331-0500 | EthScheduler-Workers-0 | INFO  | PersistBlockTask | Imported empty block #5,950 / 0 tx / 0 om / 0 (0.0%) gas / (0x82c3a912702822316e6791ac5ada426e84687045ec423e7f4820be7283128e86) in 0.004s. Peers: 7
2026-02-18 09:52:16.017-0500 | EthScheduler-Workers-0 | INFO  | PersistBlockTask | Imported empty block #5,951 / 0 tx / 0 om / 0 (0.0%) gas / (0x099750c16d69419500bab750eb3fe277c9abb0cbdc4fb439704a1e83efafa697) in 0.003s. Peers: 7
2026-02-18 09:52:21.018-0500 | EthScheduler-Workers-0 | INFO  | PersistBlockTask | Imported empty block #5,952 / 0 tx / 0 om / 0 (0.0%) gas / (0x4f80d51b4d3c17604f8fdb92a9fc3d4f1dd7527d7070d352b413d905628e3ab4) in 0.003s. Peers: 7
2026-02-18 09:52:26.028-0500 | EthScheduler-Workers-0 | INFO  | PersistBlockTask | Imported empty block #5,953 / 0 tx / 0 om / 0 (0.0%) gas / (0xc1badbe5d98463bf682d18bda5a774734aab2df0964e36f40e2c96b082c8959f) in 0.005s. Peers: 7
2026-02-18 09:52:40.335-0500 | EthScheduler-Workers-0 | INFO  | PersistBlockTask | Imported empty block #5,954 / 0 tx / 0 om / 0 (0.0%) gas / (0xb05c9744babe059e969a9a65c7bbecc36145660d32564e54b2fe93d1ae77ec89) in 0.004s. Peers: 7
2026-02-18 09:52:45.021-0500 | EthScheduler-Workers-0 | INFO  | PersistBlockTask | Imported empty block #5,955 / 0 tx / 0 om / 0 (0.0%) gas / (0x2ae61217cd41dfe7e0b742de74aff8538d6312555ad9236902c75c667a99becd) in 0.003s. Peers: 7
2026-02-18 09:52:50.027-0500 | EthScheduler-Workers-0 | INFO  | PersistBlockTask | Imported empty block #5,956 / 0 tx / 0 om / 0 (0.0%) gas / (0x7e44d35527cc31d7d6af8a3ff033f8e553f01dbe83df81bd06bc2be43e848eb4) in 0.006s. Peers: 7
2026-02-18 09:52:55.029-0500 | EthScheduler-Workers-0 | INFO  | PersistBlockTask | Imported empty block #5,957 / 0 tx / 0 om / 0 (0.0%) gas / (0x5cab7a6eaa089e868cc2fd9e88efd4f4bfa8363e560293ba2cd5c19135ec88f5) in 0.006s. Peers: 7
2026-02-18 09:53:00.028-0500 | EthScheduler-Workers-0 | INFO  | PersistBlockTask | Imported empty block #5,958 / 0 tx / 0 om / 0 (0.0%) gas / (0xe5ffec0a972f0ab34ea9a0b8c83899034b6284d357856ea337b7ecb6cb02cbf3) in 0.007s. Peers: 7
2026-02-18 09:53:14.376-0500 | EthScheduler-Workers-0 | INFO  | PersistBlockTask | Imported empty block #5,959 / 0 tx / 0 om / 0 (0.0%) gas / (0xb7efdac8133be127dad13a86cac3b75ddd8b7d8ffb61c4ba98cf977090dbfd0c) in 0.005s. Peers: 7
2026-02-18 09:53:19.021-0500 | EthScheduler-Workers-0 | INFO  | PersistBlockTask | Imported empty block #5,960 / 0 tx / 0 om / 0 (0.0%) gas / (0xf2b934c414d61738a4bb2d63692b01ca01801d4c17f169027a4c8248a65cc5d1) in 0.004s. Peers: 7
2026-02-18 09:53:24.023-0500 | EthScheduler-Workers-0 | INFO  | PersistBlockTask | Imported empty block #5,961 / 0 tx / 0 om / 0 (0.0%) gas / (0x078efdb17d1a049b27840d24ad946e96e15b648910b6c21f4bc97d21e3e733af) in 0.003s. Peers: 7
2026-02-18 09:53:29.019-0500 | EthScheduler-Workers-0 | INFO  | PersistBlockTask | Imported empty block #5,962 / 0 tx / 0 om / 0 (0.0%) gas / (0xd5a09844a8881af77b0f42a3dc67cbdb49d17295970a03dba22bed35174afe3d) in 0.003s. Peers: 7
2026-02-18 09:53:34.032-0500 | EthScheduler-Workers-0 | INFO  | PersistBlockTask | Imported empty block #5,963 / 0 tx / 0 om / 0 (0.0%) gas / (0x1ec4c9cb1981905576099b5781546c47469a2c6731ebda1002728686caa0b639) in 0.007s. Peers: 7
2026-02-18 09:53:48.378-0500 | EthScheduler-Workers-0 | INFO  | PersistBlockTask | Imported empty block #5,964 / 0 tx / 0 om / 0 (0.0%) gas / (0x017988ee588eba4f172b2fddf26b48fc98b25fc2391ccea8ad88d94f67156aec) in 0.003s. Peers: 7
2026-02-18 09:53:53.016-0500 | EthScheduler-Workers-0 | INFO  | PersistBlockTask | Imported empty block #5,965 / 0 tx / 0 om / 0 (0.0%) gas / (0x2135ec14db604f96c0d63cd65bb14e4ccc2bbe0941d2c774e8ef9e1119e33f7b) in 0.002s. Peers: 7
2026-02-18 09:53:58.021-0500 | EthScheduler-Workers-0 | INFO  | PersistBlockTask | Imported empty block #5,966 / 0 tx / 0 om / 0 (0.0%) gas / (0xfb96782431c5ced96be18f22fd50fdcf03acb912d570b80be0fe893600a25dde) in 0.003s. Peers: 7
2026-02-18 09:54:03.019-0500 | EthScheduler-Workers-0 | INFO  | PersistBlockTask | Imported empty block #5,967 / 0 tx / 0 om / 0 (0.0%) gas / (0x453ae0236c0b964517a87ce9b3e4f987176ea0a65a56a7ffdad1f9df8c36b2f6) in 0.004s. Peers: 7
2026-02-18 09:54:17.312-0500 | EthScheduler-Workers-0 | INFO  | PersistBlockTask | Imported empty block #5,968 / 0 tx / 0 om / 0 (0.0%) gas / (0xa558ef0272c90177d3a62c4534a9c16438c18f9fcc343a8cf22a026c7879e662) in 0.004s. Peers: 7
2026-02-18 09:54:22.028-0500 | EthScheduler-Workers-0 | INFO  | PersistBlockTask | Imported empty block #5,969 / 0 tx / 0 om / 0 (0.0%) gas / (0xc2deb9df146ba85dc8e33e7747cdedef44aaa9a633d8a4d79c14f406de180e19) in 0.005s. Peers: 7
2026-02-18 09:54:27.028-0500 | EthScheduler-Workers-0 | INFO  | PersistBlockTask | Imported empty block #5,970 / 0 tx / 0 om / 0 (0.0%) gas / (0xe2ef1d0baac0854cca94857d4bf7b6c94bfbaff216e8f01a0623b3395c8d6015) in 0.003s. Peers: 7
2026-02-18 09:54:32.025-0500 | EthScheduler-Workers-0 | INFO  | PersistBlockTask | Imported empty block #5,971 / 0 tx / 0 om / 0 (0.0%) gas / (0x2d098f977082fe718947f36277d1a8e545cdfe82dc42160b3e3f91d2f71fee1c) in 0.005s. Peers: 7
2026-02-18 09:54:37.017-0500 | EthScheduler-Workers-0 | INFO  | PersistBlockTask | Imported empty block #5,972 / 0 tx / 0 om / 0 (0.0%) gas / (0x9a85bd9fd00fd54473d922957b01798dbb6a5a2c4e0003397de98540b02d5ee3) in 0.004s. Peers: 7
2026-02-18 09:54:51.342-0500 | EthScheduler-Workers-0 | INFO  | PersistBlockTask | Imported empty block #5,973 / 0 tx / 0 om / 0 (0.0%) gas / (0xbe7ea629ff94eee5a5ef1da79bf099756eaa54e4c7ea0e552c4864c4b1061f19) in 0.005s. Peers: 7
2026-02-18 09:54:56.018-0500 | EthScheduler-Workers-0 | INFO  | PersistBlockTask | Imported empty block #5,974 / 0 tx / 0 om / 0 (0.0%) gas / (0x5bfa2d817157b49b89424bf52c4c90a7f7c0944ee20d1ed5b1f9a97bb4799842) in 0.003s. Peers: 7
2026-02-18 09:55:01.018-0500 | EthScheduler-Workers-0 | INFO  | PersistBlockTask | Imported empty block #5,975 / 0 tx / 0 om / 0 (0.0%) gas / (0xd91b6ea7c6bb3ef3879a6e89f6a25474ccf90ffd80eaf27f3c0b8a8175eae862) in 0.003s. Peers: 7
2026-02-18 09:55:06.022-0500 | EthScheduler-Workers-0 | INFO  | PersistBlockTask | Imported empty block #5,976 / 0 tx / 0 om / 0 (0.0%) gas / (0x31a9fc772730af8c17b9460661f19e1a0c9757d3e598568f1ac22c2d2704a658) in 0.004s. Peers: 7
2026-02-18 09:55:20.352-0500 | EthScheduler-Workers-0 | INFO  | PersistBlockTask | Imported empty block #5,977 / 0 tx / 0 om / 0 (0.0%) gas / (0xfd93c28af6f1780be1e550fe980cd538ebbb4842f9bb43670b3a32c65956bf46) in 0.003s. Peers: 7
2026-02-18 09:55:25.019-0500 | EthScheduler-Workers-0 | INFO  | PersistBlockTask | Imported empty block #5,978 / 0 tx / 0 om / 0 (0.0%) gas / (0xb3254b4ee11c26fcf1e52a184b1c7f26ea17d11e942b033f52018b0d31b83333) in 0.003s. Peers: 7
2026-02-18 09:55:30.016-0500 | EthScheduler-Workers-0 | INFO  | PersistBlockTask | Imported empty block #5,979 / 0 tx / 0 om / 0 (0.0%) gas / (0xa56ef1c30a4fcb00bfdc56ac2dcc631835dfef9ae35a0105bef128b34b82c34d) in 0.002s. Peers: 7
2026-02-18 09:55:35.027-0500 | EthScheduler-Workers-0 | INFO  | PersistBlockTask | Imported empty block #5,980 / 0 tx / 0 om / 0 (0.0%) gas / (0x7198a53e812b8c13e222663d2f8573dff68efc1c9489442825c4791b69cf1307) in 0.004s. Peers: 7
2026-02-18 09:55:40.020-0500 | EthScheduler-Workers-0 | INFO  | PersistBlockTask | Imported empty block #5,981 / 0 tx / 0 om / 0 (0.0%) gas / (0xd28ae17f7cad749f023fef79058419857c0231d5b163b3a879eb934cf77092af) in 0.004s. Peers: 7
2026-02-18 09:55:54.342-0500 | EthScheduler-Workers-0 | INFO  | PersistBlockTask | Imported empty block #5,982 / 0 tx / 0 om / 0 (0.0%) gas / (0x01e681be1a57aa780e17e859bac7c285d0cc6e96ece79c54aedd9b05ff05f7a7) in 0.008s. Peers: 7
2026-02-18 09:55:59.025-0500 | EthScheduler-Workers-0 | INFO  | PersistBlockTask | Imported empty block #5,983 / 0 tx / 0 om / 0 (0.0%) gas / (0x6c16f5c94ad7973bf726f3d50d443532266e57dc1e20531cf031506c2621873d) in 0.005s. Peers: 7
2026-02-18 09:56:04.021-0500 | EthScheduler-Workers-0 | INFO  | PersistBlockTask | Imported empty block #5,984 / 0 tx / 0 om / 0 (0.0%) gas / (0x84ce62a61dc772f9bea5896225d0c7495eddb4b43122100c63274fd323c3930f) in 0.003s. Peers: 7
2026-02-18 09:56:09.023-0500 | EthScheduler-Workers-0 | INFO  | PersistBlockTask | Imported empty block #5,985 / 0 tx / 0 om / 0 (0.0%) gas / (0x2f3b1ebd62430dba4c0b5ac87a031fb737440cacaf3594331ebc9126d9cc9830) in 0.007s. Peers: 7
2026-02-18 09:56:23.353-0500 | EthScheduler-Workers-0 | INFO  | PersistBlockTask | Imported empty block #5,986 / 0 tx / 0 om / 0 (0.0%) gas / (0x8cbdc1dd1177ed4e9089973b45067a93d7d733bba9b529b222cab2bb768b73cc) in 0.004s. Peers: 7
2026-02-18 09:56:28.021-0500 | EthScheduler-Workers-0 | INFO  | PersistBlockTask | Imported empty block #5,987 / 0 tx / 0 om / 0 (0.0%) gas / (0x79f344344ceefc1dd459d285c74ff1cac83221b89c739c13f34682e7d0ebd069) in 0.008s. Peers: 7
2026-02-18 09:56:33.019-0500 | EthScheduler-Workers-0 | INFO  | PersistBlockTask | Imported empty block #5,988 / 0 tx / 0 om / 0 (0.0%) gas / (0x30c86b8224cddef1ada7d19851817d318af0b704ee149903caed28ae30145329) in 0.004s. Peers: 7
2026-02-18 09:56:38.018-0500 | EthScheduler-Workers-0 | INFO  | PersistBlockTask | Imported empty block #5,989 / 0 tx / 0 om / 0 (0.0%) gas / (0x79c7576da54d4631293722b18b15e90eeb6bab6d77c217173c98dddf83fd2d96) in 0.003s. Peers: 7
2026-02-18 09:56:43.019-0500 | EthScheduler-Workers-0 | INFO  | PersistBlockTask | Imported empty block #5,990 / 0 tx / 0 om / 0 (0.0%) gas / (0x0125a96bd1246e10c06390a8242edae86220e6664777edbb8c2a2d9edcbb66fc) in 0.003s. Peers: 7
2026-02-18 09:56:57.351-0500 | EthScheduler-Workers-0 | INFO  | PersistBlockTask | Imported empty block #5,991 / 0 tx / 0 om / 0 (0.0%) gas / (0xe9beafd04cbfbdef48a6e89b6ef264e67cecd80c5b0d48142e7c2827efeb256c) in 0.006s. Peers: 7
2026-02-18 09:57:02.026-0500 | EthScheduler-Workers-0 | INFO  | PersistBlockTask | Imported empty block #5,992 / 0 tx / 0 om / 0 (0.0%) gas / (0xf2ca32a10b4442828ae6b9d156727b1f0e1df87a6d600de6486071e52967002f) in 0.005s. Peers: 7
2026-02-18 09:57:07.017-0500 | EthScheduler-Workers-0 | INFO  | PersistBlockTask | Imported empty block #5,993 / 0 tx / 0 om / 0 (0.0%) gas / (0x915b59823011dfbfe9ade9c43bf2b5149d6dd130df1a4301c88e5284605571e6) in 0.004s. Peers: 7
2026-02-18 09:57:12.014-0500 | EthScheduler-Workers-0 | INFO  | PersistBlockTask | Imported empty block #5,994 / 0 tx / 0 om / 0 (0.0%) gas / (0xa74b9609f149459b49c9eb61b2d85aa63056e386904e1539e9bc5bf61fdce51e) in 0.003s. Peers: 7
2026-02-18 09:57:26.341-0500 | EthScheduler-Workers-0 | INFO  | PersistBlockTask | Imported empty block #5,995 / 0 tx / 0 om / 0 (0.0%) gas / (0xd112023fffb8ccc00093c7eda7b1b30d02723ed11fb1c7340b48b359d08f32cb) in 0.002s. Peers: 7
2026-02-18 09:57:31.013-0500 | EthScheduler-Workers-0 | INFO  | PersistBlockTask | Imported empty block #5,996 / 0 tx / 0 om / 0 (0.0%) gas / (0xbe398743a228adc631a9337f653065420bac1919283add2db6579684eb18c49c) in 0.003s. Peers: 7
2026-02-18 09:57:36.017-0500 | EthScheduler-Workers-0 | INFO  | PersistBlockTask | Imported empty block #5,997 / 0 tx / 0 om / 0 (0.0%) gas / (0xa42dd6c437f1a0bba844be8a471c7521b38e55bc8ddcc33cf5a35a9d4415fda6) in 0.003s. Peers: 7
2026-02-18 09:57:41.019-0500 | EthScheduler-Workers-0 | INFO  | PersistBlockTask | Imported empty block #5,998 / 0 tx / 0 om / 0 (0.0%) gas / (0x5676b558bdc6fae7823ab996e0ad3f87023ccae533bef48031979ad651815c8c) in 0.003s. Peers: 7
2026-02-18 09:57:46.014-0500 | EthScheduler-Workers-0 | INFO  | PersistBlockTask | Imported empty block #5,999 / 0 tx / 0 om / 0 (0.0%) gas / (0xd1d49af8621306d0e83e7ccbf931378b1d063be133daab987829953b67502a4e) in 0.003s. Peers: 7
2026-02-18 09:58:00.344-0500 | EthScheduler-Workers-0 | INFO  | PersistBlockTask | Imported empty block #6,000 / 0 tx / 0 om / 0 (0.0%) gas / (0xa86f207d3f820807c89d2e4ad910afd6817b05e2ae10d6d2cbf58f94d00f472a) in 0.004s. Peers: 7
2026-02-18 09:58:05.021-0500 | EthScheduler-Workers-0 | INFO  | PersistBlockTask | Imported empty block #6,001 / 0 tx / 0 om / 0 (0.0%) gas / (0x26fdcbe7e05455b4c8e4162f2aa3450d080dadaf855f14d94ffeeaf55fc27253) in 0.004s. Peers: 7
2026-02-18 09:58:10.021-0500 | EthScheduler-Workers-0 | INFO  | PersistBlockTask | Imported empty block #6,002 / 0 tx / 0 om / 0 (0.0%) gas / (0xb4fdae893b12ba4f4a817392e8c22e4e295857483d07d68a43c63ce50b22978a) in 0.005s. Peers: 7
2026-02-18 09:58:15.012-0500 | EthScheduler-Workers-0 | INFO  | PersistBlockTask | Imported empty block #6,003 / 0 tx / 0 om / 0 (0.0%) gas / (0xbdfe96509c7b7883bdc80baef4a12a8c679a6c5c3c5bc54de6b00ed5e9e9867e) in 0.003s. Peers: 7
2026-02-18 09:58:29.342-0500 | EthScheduler-Workers-0 | INFO  | PersistBlockTask | Imported empty block #6,004 / 0 tx / 0 om / 0 (0.0%) gas / (0x30d7254f876e266bb71d2e8e3f6ecbf0ff422a52e5abd6233f1f8bedb081ab67) in 0.005s. Peers: 7
2026-02-18 09:58:34.018-0500 | EthScheduler-Workers-0 | INFO  | PersistBlockTask | Imported empty block #6,005 / 0 tx / 0 om / 0 (0.0%) gas / (0xe5c48dc0e143bfa9aa392cac33a3d8fa28ede8b4392c278625f200130fa52fa2) in 0.004s. Peers: 7
2026-02-18 09:58:39.018-0500 | EthScheduler-Workers-0 | INFO  | PersistBlockTask | Imported empty block #6,006 / 0 tx / 0 om / 0 (0.0%) gas / (0x03ae2249fecf0b751c2ff51108448f124c63f107b80237b9c7e0b66b6e4e0b51) in 0.003s. Peers: 7
2026-02-18 09:58:44.018-0500 | EthScheduler-Workers-0 | INFO  | PersistBlockTask | Imported empty block #6,007 / 0 tx / 0 om / 0 (0.0%) gas / (0x14bcebec6238361da07360c50355c7716bbf75850b20c6eeb0cb751f2ea83b64) in 0.003s. Peers: 7
2026-02-18 09:58:49.021-0500 | EthScheduler-Workers-0 | INFO  | PersistBlockTask | Imported empty block #6,008 / 0 tx / 0 om / 0 (0.0%) gas / (0x95c83e30700120542f65483b4d62ad66cf210bc56dc6f7079ce752e7bdf22fb3) in 0.004s. Peers: 7
2026-02-18 09:59:03.322-0500 | EthScheduler-Workers-0 | INFO  | PersistBlockTask | Imported empty block #6,009 / 0 tx / 0 om / 0 (0.0%) gas / (0x7bf7d8f77d5ecfe2e6ebb8ceafd94773e11231e697242e89cb5f4f2ce735623c) in 0.003s. Peers: 7
2026-02-18 09:59:08.017-0500 | EthScheduler-Workers-0 | INFO  | PersistBlockTask | Imported empty block #6,010 / 0 tx / 0 om / 0 (0.0%) gas / (0x688259b204321aef081b7437336f468e3da73f24f97a803b8e4aba1c82eced0e) in 0.003s. Peers: 7
2026-02-18 09:59:13.016-0500 | EthScheduler-Workers-0 | INFO  | PersistBlockTask | Imported empty block #6,011 / 0 tx / 0 om / 0 (0.0%) gas / (0xa6c7f47212ea1ee93e35814d4c72f3f80b1b1b1dc01442a698b4137a14954504) in 0.004s. Peers: 7
2026-02-18 09:59:18.019-0500 | EthScheduler-Workers-0 | INFO  | PersistBlockTask | Imported empty block #6,012 / 0 tx / 0 om / 0 (0.0%) gas / (0x1d684ee2663a0b5010642ab4b80324569578a9fb38df47e5ba3248f60a59cf0e) in 0.004s. Peers: 7
2026-02-18 09:59:32.293-0500 | EthScheduler-Workers-0 | INFO  | PersistBlockTask | Imported empty block #6,013 / 0 tx / 0 om / 0 (0.0%) gas / (0xeaf890898756014f8a1a868191c532ac2ac9a4e143a822264f0748112d9f2201) in 0.004s. Peers: 7
2026-02-18 09:59:37.500-0500 | EthScheduler-Workers-0 | INFO  | PersistBlockTask | Imported block #6,014 / 1 tx / 0 om / 2,123,233 (7.1%) gas / (0xa6715c304b144bad15f770fbf9d7fc91079fdcd954a55679368e8a582bf1e5d0) in 0.262s. Peers: 7
2026-02-18 09:59:42.019-0500 | EthScheduler-Workers-0 | INFO  | PersistBlockTask | Imported empty block #6,015 / 0 tx / 0 om / 0 (0.0%) gas / (0x909158bc63bdfa3fccd4a0db3d972e4383fba4bf597e6a5c967bbe95c164edbb) in 0.003s. Peers: 7
2026-02-18 09:59:47.019-0500 | EthScheduler-Workers-0 | INFO  | PersistBlockTask | Imported empty block #6,016 / 0 tx / 0 om / 0 (0.0%) gas / (0x191fa8b55ce9ea09df6e8ef9b93a30d3b5ecb762ba4a9b6e5756b99eebd24eab) in 0.003s. Peers: 7
2026-02-18 09:59:52.018-0500 | EthScheduler-Workers-0 | INFO  | PersistBlockTask | Imported empty block #6,017 / 0 tx / 0 om / 0 (0.0%) gas / (0x0e2d1bea1d3dc5f50ed76d53943d736803427f77b58caf06b97b0e4a5023f843) in 0.004s. Peers: 7
2026-02-18 10:00:06.295-0500 | EthScheduler-Workers-0 | INFO  | PersistBlockTask | Imported empty block #6,018 / 0 tx / 0 om / 0 (0.0%) gas / (0x10b9523460236692ba941937397c9bbc791b3e4afa82281b1899824208887fdc) in 0.003s. Peers: 7
2026-02-18 10:00:11.018-0500 | EthScheduler-Workers-0 | INFO  | PersistBlockTask | Imported empty block #6,019 / 0 tx / 0 om / 0 (0.0%) gas / (0x27e8754d86259dd0a275e474d29b0a0486baffe4e0323a3d9c86b9ac9471ff2e) in 0.004s. Peers: 7
2026-02-18 10:00:16.011-0500 | EthScheduler-Workers-0 | INFO  | PersistBlockTask | Imported empty block #6,020 / 0 tx / 0 om / 0 (0.0%) gas / (0x6edc3832fa9715c54ec6d4c3c1fbd2120e137571ea3abfd2b35f33e1aeb279d1) in 0.002s. Peers: 7
2026-02-18 10:00:21.018-0500 | EthScheduler-Workers-0 | INFO  | PersistBlockTask | Imported empty block #6,021 / 0 tx / 0 om / 0 (0.0%) gas / (0x166d31d905ee3b5704c5e3f69a8979e14ab6194b18d4f4646993267777af9b02) in 0.003s. Peers: 7
2026-02-18 10:00:35.310-0500 | EthScheduler-Workers-0 | INFO  | PersistBlockTask | Imported empty block #6,022 / 0 tx / 0 om / 0 (0.0%) gas / (0xe7c614de5a725b3a2f7c28ff5e488452fc30bdbb95961384542b1451f188201e) in 0.004s. Peers: 7
2026-02-18 10:00:40.012-0500 | EthScheduler-Workers-0 | INFO  | PersistBlockTask | Imported empty block #6,023 / 0 tx / 0 om / 0 (0.0%) gas / (0x74a21adf057e761ccc1bc165db948165384bef650aca3b125b42a41e264bbe97) in 0.002s. Peers: 7
2026-02-18 10:00:45.015-0500 | EthScheduler-Workers-0 | INFO  | PersistBlockTask | Imported empty block #6,024 / 0 tx / 0 om / 0 (0.0%) gas / (0xddb3a18049dfb6751cffe136fa6ddd26ebe1f4b95d2f7bffa86b054272ffd8f5) in 0.003s. Peers: 7
2026-02-18 10:00:50.016-0500 | EthScheduler-Workers-0 | INFO  | PersistBlockTask | Imported empty block #6,025 / 0 tx / 0 om / 0 (0.0%) gas / (0x3c3c826b41aab04ddb0ce110708005b31dfbd79e23ac29b88f63665618cb9836) in 0.004s. Peers: 7
2026-02-18 10:00:55.025-0500 | EthScheduler-Workers-0 | INFO  | PersistBlockTask | Imported empty block #6,026 / 0 tx / 0 om / 0 (0.0%) gas / (0x8a9cd0e4edad720aa82a1476e8aa5139b5c952a7c575e2534e912961e3e6feed) in 0.006s. Peers: 7
2026-02-18 10:01:09.306-0500 | EthScheduler-Workers-0 | INFO  | PersistBlockTask | Imported empty block #6,027 / 0 tx / 0 om / 0 (0.0%) gas / (0x023f19c0a093617731515bd1fbfcd567c9649f900e0a9093532802eb1286f345) in 0.002s. Peers: 7
2026-02-18 10:01:14.025-0500 | EthScheduler-Workers-0 | INFO  | PersistBlockTask | Imported empty block #6,028 / 0 tx / 0 om / 0 (0.0%) gas / (0xa2e6235670fd8b2a1e20f6da9d8756adb07869b7f202367f87eb0d15313309d5) in 0.007s. Peers: 7
2026-02-18 10:01:19.012-0500 | EthScheduler-Workers-0 | INFO  | PersistBlockTask | Imported empty block #6,029 / 0 tx / 0 om / 0 (0.0%) gas / (0x57f01f00333c021cb713cdda7a1fc22a81597df9812c6daedc9b81c212e83a8d) in 0.002s. Peers: 7
2026-02-18 10:01:24.014-0500 | EthScheduler-Workers-0 | INFO  | PersistBlockTask | Imported empty block #6,030 / 0 tx / 0 om / 0 (0.0%) gas / (0x7870e6d848178db181f2baf6cebb1e565b5d989da92facfd77b093bba7a0c731) in 0.002s. Peers: 7
2026-02-18 10:01:38.334-0500 | EthScheduler-Workers-0 | INFO  | PersistBlockTask | Imported empty block #6,031 / 0 tx / 0 om / 0 (0.0%) gas / (0x91accfb53684f0d6d07226a3ed28eb85b6a285d93ef64854504910ae26ed0cf3) in 0.004s. Peers: 7
2026-02-18 10:01:43.016-0500 | EthScheduler-Workers-0 | INFO  | PersistBlockTask | Imported empty block #6,032 / 0 tx / 0 om / 0 (0.0%) gas / (0xa05d0f66bd0283a48b06c5bb1875603d504d2304b3e113443691330b32c9ccdb) in 0.003s. Peers: 7
2026-02-18 10:01:48.014-0500 | EthScheduler-Workers-0 | INFO  | PersistBlockTask | Imported empty block #6,033 / 0 tx / 0 om / 0 (0.0%) gas / (0xd9a5ff9e80e69d046a8c3e71134372218f33265306f5048251600d32a2e8a753) in 0.003s. Peers: 7
2026-02-18 10:01:53.014-0500 | EthScheduler-Workers-0 | INFO  | PersistBlockTask | Imported empty block #6,034 / 0 tx / 0 om / 0 (0.0%) gas / (0x9ae35e1a9d309bf8c0267a790dc4dc2684c6194d47f30cc12d88f0fb7e032e22) in 0.003s. Peers: 7
2026-02-18 10:01:58.018-0500 | EthScheduler-Workers-0 | INFO  | PersistBlockTask | Imported empty block #6,035 / 0 tx / 0 om / 0 (0.0%) gas / (0x43848b1a78cadcbdf9e5f59f3d890a0f6b4393181d0f497dc5f5d479f59c3aab) in 0.004s. Peers: 7
2026-02-18 10:02:12.301-0500 | EthScheduler-Workers-0 | INFO  | PersistBlockTask | Imported empty block #6,036 / 0 tx / 0 om / 0 (0.0%) gas / (0xfab8812c93ff9b878f449b822d89e90087050943e4b868a4f1371fafac233fda) in 0.003s. Peers: 7
2026-02-18 10:02:17.018-0500 | EthScheduler-Workers-0 | INFO  | PersistBlockTask | Imported empty block #6,037 / 0 tx / 0 om / 0 (0.0%) gas / (0xf9e366ae9d6a1c4dfcb0537fdc1cf73dce4d7ec8722281598e5cc5f33f4294ce) in 0.002s. Peers: 7
2026-02-18 10:02:22.015-0500 | EthScheduler-Workers-0 | INFO  | PersistBlockTask | Imported empty block #6,038 / 0 tx / 0 om / 0 (0.0%) gas / (0xa42bc02e9a088e93637fbd7db71b6976fd3201fe6caec56561e7e7a8da02ca30) in 0.003s. Peers: 7
2026-02-18 10:02:27.016-0500 | EthScheduler-Workers-0 | INFO  | PersistBlockTask | Imported empty block #6,039 / 0 tx / 0 om / 0 (0.0%) gas / (0x8886012161b4af68814c4a72870b48dec0b0d2683220545853beb991fe2c1960) in 0.002s. Peers: 7
2026-02-18 10:02:41.312-0500 | EthScheduler-Workers-0 | INFO  | PersistBlockTask | Imported empty block #6,040 / 0 tx / 0 om / 0 (0.0%) gas / (0xf279fc9a38c5a2b8efad6221fb88e9c3a6c2759ac5f69f10e33c22090098d253) in 0.003s. Peers: 7
2026-02-18 10:02:46.013-0500 | EthScheduler-Workers-0 | INFO  | PersistBlockTask | Imported empty block #6,041 / 0 tx / 0 om / 0 (0.0%) gas / (0x38042d223044a7aa2a981289419c5bff3d8ea3d2c9cde3fc6b3b710c43dcb09c) in 0.002s. Peers: 7
2026-02-18 10:02:51.014-0500 | EthScheduler-Workers-0 | INFO  | PersistBlockTask | Imported empty block #6,042 / 0 tx / 0 om / 0 (0.0%) gas / (0x164c07f25fc44d306ebfab5c3be0e3e7ef38e8ba5a624aed61c79c967a4a99ef) in 0.003s. Peers: 7
2026-02-18 10:02:56.017-0500 | EthScheduler-Workers-0 | INFO  | PersistBlockTask | Imported empty block #6,043 / 0 tx / 0 om / 0 (0.0%) gas / (0xe94f38e5f9d32526893cfe0d21e05e179c7ed82b261594a103199d4e58c69d1a) in 0.002s. Peers: 7
2026-02-18 10:03:01.011-0500 | EthScheduler-Workers-0 | INFO  | PersistBlockTask | Imported empty block #6,044 / 0 tx / 0 om / 0 (0.0%) gas / (0xa96ea559019169e63ff11420dae602ba13293b22f8a3eb2dc91dabe9ec4a73ef) in 0.002s. Peers: 7
2026-02-18 10:03:15.320-0500 | EthScheduler-Workers-0 | INFO  | PersistBlockTask | Imported empty block #6,045 / 0 tx / 0 om / 0 (0.0%) gas / (0xc18cfe2c7131fea1e6ab9fd5814de5da2b14760a241d8350aa4e26380a19fbd8) in 0.004s. Peers: 7
2026-02-18 10:03:20.016-0500 | EthScheduler-Workers-0 | INFO  | PersistBlockTask | Imported empty block #6,046 / 0 tx / 0 om / 0 (0.0%) gas / (0x25f811564de71620e722b2e98658d37f400cf4595fd03bc8662ad77333d0a461) in 0.003s. Peers: 7
2026-02-18 10:03:25.021-0500 | EthScheduler-Workers-0 | INFO  | PersistBlockTask | Imported empty block #6,047 / 0 tx / 0 om / 0 (0.0%) gas / (0x1df97167b20357349def9a9d7477bf5fcc8ffae8361c6cad91e5ed2fb40d281d) in 0.006s. Peers: 7
2026-02-18 10:03:30.020-0500 | EthScheduler-Workers-0 | INFO  | PersistBlockTask | Imported empty block #6,048 / 0 tx / 0 om / 0 (0.0%) gas / (0x7b85b7ae1dd1831e219b2e721443c91619e86bae4903c4709441bdb8ac6bd64a) in 0.002s. Peers: 7
2026-02-18 10:03:44.308-0500 | EthScheduler-Workers-0 | INFO  | PersistBlockTask | Imported empty block #6,049 / 0 tx / 0 om / 0 (0.0%) gas / (0xcca7b88085efe6b743a99e3c962803335128e3a16ded11b2aa336a9acda5d0f7) in 0.003s. Peers: 7
2026-02-18 10:03:49.014-0500 | EthScheduler-Workers-0 | INFO  | PersistBlockTask | Imported empty block #6,050 / 0 tx / 0 om / 0 (0.0%) gas / (0xb78aa7bcddd5678db832a417bec9a6444439c1dc4062390ab4800239088f0d5c) in 0.003s. Peers: 7
2026-02-18 10:03:54.014-0500 | EthScheduler-Workers-0 | INFO  | PersistBlockTask | Imported empty block #6,051 / 0 tx / 0 om / 0 (0.0%) gas / (0xec43a9682f0ac8160c79cd4b8a4c4e2b8e6b277b063700960bff7eb54b66a3ff) in 0.003s. Peers: 7
2026-02-18 10:03:59.012-0500 | EthScheduler-Workers-0 | INFO  | PersistBlockTask | Imported empty block #6,052 / 0 tx / 0 om / 0 (0.0%) gas / (0x7276f4da217313ac574b3d77c0426ac178fc424d8c0f5921c6ebc3ce8d5be8ce) in 0.003s. Peers: 7
2026-02-18 10:04:04.019-0500 | EthScheduler-Workers-0 | INFO  | PersistBlockTask | Imported empty block #6,053 / 0 tx / 0 om / 0 (0.0%) gas / (0xd14c9a927883e2aeed64ec7627274cc933b0cb1d44e49fcc7f95962b5cceaa8e) in 0.003s. Peers: 7
2026-02-18 10:04:18.312-0500 | EthScheduler-Workers-0 | INFO  | PersistBlockTask | Imported empty block #6,054 / 0 tx / 0 om / 0 (0.0%) gas / (0xa239e22daf45630a1f79b8cbda8e006431a8931d1869eb7d1470d5efbf793937) in 0.003s. Peers: 7
2026-02-18 10:04:23.022-0500 | EthScheduler-Workers-0 | INFO  | PersistBlockTask | Imported empty block #6,055 / 0 tx / 0 om / 0 (0.0%) gas / (0xec5d482ae6b88ef999bc6f7dd537bf73ceb59906a8ae9251c70d4385994d77d1) in 0.004s. Peers: 7
2026-02-18 10:04:28.025-0500 | EthScheduler-Workers-0 | INFO  | PersistBlockTask | Imported empty block #6,056 / 0 tx / 0 om / 0 (0.0%) gas / (0x892a30552fdfa8bcb03787a99aca3e5ba3dcf9a4015f5bbb63688a623c49580b) in 0.008s. Peers: 7
2026-02-18 10:04:33.013-0500 | EthScheduler-Workers-0 | INFO  | PersistBlockTask | Imported empty block #6,057 / 0 tx / 0 om / 0 (0.0%) gas / (0x3b6f887c05a7b42020ec066719a00b8e21d04cdc8125cfe7ca1cbf2dc5e226f6) in 0.002s. Peers: 7
2026-02-18 10:04:47.307-0500 | EthScheduler-Workers-0 | INFO  | PersistBlockTask | Imported empty block #6,058 / 0 tx / 0 om / 0 (0.0%) gas / (0xb75ac5dc7a5453f630b7b98fe930f364f7b5d8b6958c416d827693dad8466c75) in 0.002s. Peers: 7
2026-02-18 10:04:52.017-0500 | EthScheduler-Workers-0 | INFO  | PersistBlockTask | Imported empty block #6,059 / 0 tx / 0 om / 0 (0.0%) gas / (0x7b5a356becc62f801fd0f773771437f26114536b9e5de11db20c7d22f853a3db) in 0.002s. Peers: 7
2026-02-18 10:04:57.026-0500 | EthScheduler-Workers-0 | INFO  | PersistBlockTask | Imported empty block #6,060 / 0 tx / 0 om / 0 (0.0%) gas / (0xc80482a7cf6e7c5fadb25692b5222a993b64a21130acd38ec4b3caf6e27869f9) in 0.002s. Peers: 7
2026-02-18 10:05:02.011-0500 | EthScheduler-Workers-0 | INFO  | PersistBlockTask | Imported empty block #6,061 / 0 tx / 0 om / 0 (0.0%) gas / (0x3adc46e66cd242eed7d37dbbe5dca48caf22edf2a38066737ddaaaaf68c2f6ba) in 0.002s. Peers: 7
2026-02-18 10:05:07.011-0500 | EthScheduler-Workers-0 | INFO  | PersistBlockTask | Imported empty block #6,062 / 0 tx / 0 om / 0 (0.0%) gas / (0x9c3253a971acfc304536356e2d6e8c9a232948b31818691f09c7a5c1d232c0c6) in 0.002s. Peers: 7
2026-02-18 10:05:21.314-0500 | EthScheduler-Workers-0 | INFO  | PersistBlockTask | Imported empty block #6,063 / 0 tx / 0 om / 0 (0.0%) gas / (0x47f73e9b646deb4c9ab6678a8ce4a766c3af29209fafc80bb26fe5d519166a15) in 0.003s. Peers: 7
2026-02-18 10:05:26.016-0500 | EthScheduler-Workers-0 | INFO  | PersistBlockTask | Imported empty block #6,064 / 0 tx / 0 om / 0 (0.0%) gas / (0x713b62bb9f950fe6c11fe07058fdce632eb06f067739cf87896c1ad85ceb89ca) in 0.003s. Peers: 7
2026-02-18 10:05:31.017-0500 | EthScheduler-Workers-0 | INFO  | PersistBlockTask | Imported empty block #6,065 / 0 tx / 0 om / 0 (0.0%) gas / (0x41ac581926770545b30d3c75f0e353abf1d23ef8dae509ba59022233800b75b2) in 0.003s. Peers: 7
2026-02-18 10:05:36.016-0500 | EthScheduler-Workers-0 | INFO  | PersistBlockTask | Imported empty block #6,066 / 0 tx / 0 om / 0 (0.0%) gas / (0x9a7e977fcea306e5e24076dcfa13d39ae34e29abe9c10ef3d98c1a43d80e9689) in 0.005s. Peers: 7
2026-02-18 10:05:50.317-0500 | EthScheduler-Workers-0 | INFO  | PersistBlockTask | Imported empty block #6,067 / 0 tx / 0 om / 0 (0.0%) gas / (0xd270438fac77ce2acdbe28cc53aaaffec66927391fee7a41ec098ec1f38d598e) in 0.003s. Peers: 7
2026-02-18 10:05:55.015-0500 | EthScheduler-Workers-0 | INFO  | PersistBlockTask | Imported empty block #6,068 / 0 tx / 0 om / 0 (0.0%) gas / (0xe0fdb37553bd9a40630d81b36c539db63bd33934cc6298cb3ad3efde754e1354) in 0.003s. Peers: 7
2026-02-18 10:06:00.013-0500 | EthScheduler-Workers-0 | INFO  | PersistBlockTask | Imported empty block #6,069 / 0 tx / 0 om / 0 (0.0%) gas / (0x6a406b39cfa00765cba5c78c5035f9b38c24456658d4e3567972004b24d61829) in 0.003s. Peers: 7
2026-02-18 10:06:05.169-0500 | EthScheduler-Workers-0 | INFO  | PersistBlockTask | Imported block #6,070 / 1 tx / 0 om / 293,492 (1.0%) gas / (0x4397bec8e6ea8bb840dc7e59925d11e7b9e7864d0e5fdaf33dbb3b764935225a) in 0.090s. Peers: 7
2026-02-18 10:06:10.013-0500 | EthScheduler-Workers-0 | INFO  | PersistBlockTask | Imported empty block #6,071 / 0 tx / 0 om / 0 (0.0%) gas / (0xe779ae4d045fac807c602f5ddd51c3f22b6b382f8565bdab1ac0d460f58df4b8) in 0.002s. Peers: 7
2026-02-18 10:06:24.303-0500 | EthScheduler-Workers-0 | INFO  | PersistBlockTask | Imported empty block #6,072 / 0 tx / 0 om / 0 (0.0%) gas / (0xc91e5b446f4bb0396a82bf91062b210ef0c110ccded41ce22aab26b6db363370) in 0.003s. Peers: 7
2026-02-18 10:06:29.063-0500 | EthScheduler-Workers-0 | INFO  | PersistBlockTask | Imported block #6,073 / 2 tx / 0 om / 165,461 (0.6%) gas / (0xf7ca8f20bf81d8daee4493a3c8b6a9d25b0ac2e4084eb0fcb2f4130e45ab39da) in 0.020s. Peers: 7
2026-02-18 10:06:34.018-0500 | EthScheduler-Workers-0 | INFO  | PersistBlockTask | Imported empty block #6,074 / 0 tx / 0 om / 0 (0.0%) gas / (0xe7fcea4296a6643190e36a47f487eaede7272b4213e4a26bcafef4c4e24f7291) in 0.003s. Peers: 7
2026-02-18 10:06:39.028-0500 | EthScheduler-Workers-0 | INFO  | PersistBlockTask | Imported empty block #6,075 / 0 tx / 0 om / 0 (0.0%) gas / (0xcc140764eef5f9da1f8c52b05f3dfa5041158b96e85b315592ae0cf8ee59fe42) in 0.005s. Peers: 7
2026-02-18 10:06:53.323-0500 | EthScheduler-Workers-0 | INFO  | PersistBlockTask | Imported block #6,076 / 1 tx / 0 om / 149,155 (0.5%) gas / (0x1ac3b287b3234810a26314a72abbac584943d2ac00d7b023e7daa46de8fbaf48) in 0.014s. Peers: 7
2026-02-18 10:06:58.021-0500 | EthScheduler-Workers-0 | INFO  | PersistBlockTask | Imported empty block #6,077 / 0 tx / 0 om / 0 (0.0%) gas / (0x720ba0dc619f8bccddb2ccfe15256db9d73db1180325afb0c9bde30acfed974d) in 0.004s. Peers: 7
2026-02-18 10:07:03.015-0500 | EthScheduler-Workers-0 | INFO  | PersistBlockTask | Imported empty block #6,078 / 0 tx / 0 om / 0 (0.0%) gas / (0xdd11cdf93c0a6b249b107cb8d4addca1bc444796de1ad8221780fe9a264797d8) in 0.003s. Peers: 7
2026-02-18 10:07:08.014-0500 | EthScheduler-Workers-0 | INFO  | PersistBlockTask | Imported empty block #6,079 / 0 tx / 0 om / 0 (0.0%) gas / (0xcbf6ea3a66813723d95c750bd0dfe71ab9afdd8965c0737b698cf2b14bb61888) in 0.003s. Peers: 7
2026-02-18 10:07:13.014-0500 | EthScheduler-Workers-0 | INFO  | PersistBlockTask | Imported empty block #6,080 / 0 tx / 0 om / 0 (0.0%) gas / (0xff133319f9e093d12b26adac7bdae837dda59030759d79e40e08da50c1340096) in 0.002s. Peers: 7
2026-02-18 10:07:27.278-0500 | EthScheduler-Workers-0 | INFO  | PersistBlockTask | Imported empty block #6,081 / 0 tx / 0 om / 0 (0.0%) gas / (0x9bd364f4d4fae110fcb701eb898ceef59840b89d6ec613fca9c211ad429c665e) in 0.004s. Peers: 7
2026-02-18 10:07:32.023-0500 | EthScheduler-Workers-0 | INFO  | PersistBlockTask | Imported empty block #6,082 / 0 tx / 0 om / 0 (0.0%) gas / (0x1a7ede2f3ce3740d038f35e57145c14e50ce058171577593ae2ecafbd2bcca8d) in 0.004s. Peers: 7
2026-02-18 10:07:37.012-0500 | EthScheduler-Workers-0 | INFO  | PersistBlockTask | Imported empty block #6,083 / 0 tx / 0 om / 0 (0.0%) gas / (0x8bbbcd4b352c7db7347f4ecd833cb0d6e85fdcb1d239ae6be05de869620bdaeb) in 0.002s. Peers: 7
2026-02-18 10:07:42.011-0500 | EthScheduler-Workers-0 | INFO  | PersistBlockTask | Imported empty block #6,084 / 0 tx / 0 om / 0 (0.0%) gas / (0xfd24871a74ce4cfb9aa3298013d56ec8c5b2d261ab75fe167ea1766a174e984d) in 0.002s. Peers: 7
2026-02-18 10:07:56.274-0500 | EthScheduler-Workers-0 | INFO  | PersistBlockTask | Imported empty block #6,085 / 0 tx / 0 om / 0 (0.0%) gas / (0xe3346b43b1c871619178858c7f44cbfffb25d98bfb2d349704a9f1c043a9a658) in 0.004s. Peers: 7
2026-02-18 10:08:01.012-0500 | EthScheduler-Workers-0 | INFO  | PersistBlockTask | Imported empty block #6,086 / 0 tx / 0 om / 0 (0.0%) gas / (0x91508b404f2798893b3db54e436fd546ba8bf8f091d28440ef8f7eba4560e44b) in 0.002s. Peers: 7
2026-02-18 10:08:06.016-0500 | EthScheduler-Workers-0 | INFO  | PersistBlockTask | Imported empty block #6,087 / 0 tx / 0 om / 0 (0.0%) gas / (0xa165af30f0b618b97a78dd99db133b591ef3ae85da0a4e73c604af34dfbbc62b) in 0.003s. Peers: 7
2026-02-18 10:08:11.014-0500 | EthScheduler-Workers-0 | INFO  | PersistBlockTask | Imported empty block #6,088 / 0 tx / 0 om / 0 (0.0%) gas / (0x80883e6c0e814afce7fc515e8e844aa4962930d57e6722b1788db3048e0b0fed) in 0.002s. Peers: 7
2026-02-18 10:08:16.010-0500 | EthScheduler-Workers-0 | INFO  | PersistBlockTask | Imported empty block #6,089 / 0 tx / 0 om / 0 (0.0%) gas / (0x565bb89f1a80b12ea508a7a362e598e5beebc825d242aaf4224689735a9501a7) in 0.002s. Peers: 7
2026-02-18 10:08:30.265-0500 | EthScheduler-Workers-0 | INFO  | PersistBlockTask | Imported empty block #6,090 / 0 tx / 0 om / 0 (0.0%) gas / (0x65dacca2014a8d10c52b135504c889ad565abd4a9d1624f5218087b9f1124e99) in 0.003s. Peers: 7
2026-02-18 10:08:35.015-0500 | EthScheduler-Workers-0 | INFO  | PersistBlockTask | Imported empty block #6,091 / 0 tx / 0 om / 0 (0.0%) gas / (0x39b74c616aa40746ca95d38124c40efff3b2821d4ca57c52003458175d542077) in 0.002s. Peers: 7
2026-02-18 10:08:40.016-0500 | EthScheduler-Workers-0 | INFO  | PersistBlockTask | Imported empty block #6,092 / 0 tx / 0 om / 0 (0.0%) gas / (0xe64fdda56d59adbee79d9f931a9ea2871b5df5e8c28728141bf0ce6e62127e8c) in 0.004s. Peers: 7
2026-02-18 10:08:45.016-0500 | EthScheduler-Workers-0 | INFO  | PersistBlockTask | Imported empty block #6,093 / 0 tx / 0 om / 0 (0.0%) gas / (0x9928b03715ae8fbc6e28f60fb053da77f513a11796c070c66d6047181ce2cca7) in 0.003s. Peers: 7
2026-02-18 10:08:59.310-0500 | EthScheduler-Workers-0 | INFO  | PersistBlockTask | Imported empty block #6,094 / 0 tx / 0 om / 0 (0.0%) gas / (0x46e8bb09ebf8ac14199619481f3192ac53d106248297a8b1d0a1ee0050c8f58b) in 0.002s. Peers: 7
2026-02-18 10:09:04.012-0500 | EthScheduler-Workers-0 | INFO  | PersistBlockTask | Imported empty block #6,095 / 0 tx / 0 om / 0 (0.0%) gas / (0x0a1fd798aed39678eb7634818e615dba3457d080fbfb2dd9e0d520058c6a9b50) in 0.002s. Peers: 7
2026-02-18 10:09:09.013-0500 | EthScheduler-Workers-0 | INFO  | PersistBlockTask | Imported empty block #6,096 / 0 tx / 0 om / 0 (0.0%) gas / (0xbd24cdb038bb0656cbc3bdfc4ea98f63786c052d74fb5bba5d8caa4e811b9a8b) in 0.002s. Peers: 7
2026-02-18 10:09:14.012-0500 | EthScheduler-Workers-0 | INFO  | PersistBlockTask | Imported empty block #6,097 / 0 tx / 0 om / 0 (0.0%) gas / (0x26d07529fac24ecc1a4b90adcece8e67799c194facc8a9eb508ec6826a25dc04) in 0.002s. Peers: 7
2026-02-18 10:09:19.018-0500 | EthScheduler-Workers-0 | INFO  | PersistBlockTask | Imported empty block #6,098 / 0 tx / 0 om / 0 (0.0%) gas / (0x25432165cf663fd2f63fdfc62b1ead00262b00f36107927e44d64302fdbbd1a8) in 0.005s. Peers: 7
2026-02-18 10:09:33.297-0500 | EthScheduler-Workers-0 | INFO  | PersistBlockTask | Imported empty block #6,099 / 0 tx / 0 om / 0 (0.0%) gas / (0x083a372fe004d6c832a022e6b5cfb77a17aced0b91671984e524ddcc2493b375) in 0.004s. Peers: 7
2026-02-18 10:09:38.013-0500 | EthScheduler-Workers-0 | INFO  | PersistBlockTask | Imported empty block #6,100 / 0 tx / 0 om / 0 (0.0%) gas / (0x45c00242a176924737361e11fd8fbc6a5c9eb023ca86fb846b8e5b03c7cc8b02) in 0.003s. Peers: 7
2026-02-18 10:09:43.014-0500 | EthScheduler-Workers-0 | INFO  | PersistBlockTask | Imported empty block #6,101 / 0 tx / 0 om / 0 (0.0%) gas / (0xdf61102e5acfce6b2bccf380cb7f269bb440cd722c86110f2ed46d42ca19a474) in 0.004s. Peers: 7
2026-02-18 10:09:48.015-0500 | EthScheduler-Workers-0 | INFO  | PersistBlockTask | Imported empty block #6,102 / 0 tx / 0 om / 0 (0.0%) gas / (0x6a9dc11cc5ac15494d98a2a8a45dffdc00f94c8ee91a2d7858a9a80130d1c1f9) in 0.003s. Peers: 7
2026-02-18 10:10:02.279-0500 | EthScheduler-Workers-0 | INFO  | PersistBlockTask | Imported empty block #6,103 / 0 tx / 0 om / 0 (0.0%) gas / (0x62647a7bd313b655612d548694a76230501916be68c65a6b6c35eb8135268e4f) in 0.003s. Peers: 7
2026-02-18 10:10:07.014-0500 | EthScheduler-Workers-0 | INFO  | PersistBlockTask | Imported empty block #6,104 / 0 tx / 0 om / 0 (0.0%) gas / (0xfde2536bbef3c06ad5d57f8609e1f391c0a2c7b02452e68789d44f135b484faf) in 0.003s. Peers: 7
2026-02-18 10:10:12.018-0500 | EthScheduler-Workers-0 | INFO  | PersistBlockTask | Imported empty block #6,105 / 0 tx / 0 om / 0 (0.0%) gas / (0x18addde7da30c04780b1a9d76135345d8b042a311cab9bbf24dd45537874bd96) in 0.002s. Peers: 7
2026-02-18 10:10:17.012-0500 | EthScheduler-Workers-0 | INFO  | PersistBlockTask | Imported empty block #6,106 / 0 tx / 0 om / 0 (0.0%) gas / (0x3ac209734d4fc79288f13bcf2ad40d9a5c607aaee067ede4cb178c46eee313f2) in 0.002s. Peers: 7
2026-02-18 10:10:22.015-0500 | EthScheduler-Workers-0 | INFO  | PersistBlockTask | Imported empty block #6,107 / 0 tx / 0 om / 0 (0.0%) gas / (0x4eac624b130c2311bc1331f59d5be15300ee41e625bc716b96ab48c311298128) in 0.003s. Peers: 7
2026-02-18 10:10:36.289-0500 | EthScheduler-Workers-0 | INFO  | PersistBlockTask | Imported empty block #6,108 / 0 tx / 0 om / 0 (0.0%) gas / (0x6d4ba3e0a0f155fd8d99d9080ac2243037707d3bfa00e33bd3988b8e2bb948fe) in 0.003s. Peers: 7
2026-02-18 10:10:41.013-0500 | EthScheduler-Workers-0 | INFO  | PersistBlockTask | Imported empty block #6,109 / 0 tx / 0 om / 0 (0.0%) gas / (0x77eebd4d3ab764309c191bb9cebf8c9095adaf3edbb3eae5a9bf5b08ee5bed0c) in 0.003s. Peers: 7
2026-02-18 10:10:46.012-0500 | EthScheduler-Workers-0 | INFO  | PersistBlockTask | Imported empty block #6,110 / 0 tx / 0 om / 0 (0.0%) gas / (0x7b9b3309868d574da38dd66171e32787bd48aed60c8996290a91f9c0d732dddb) in 0.003s. Peers: 7
2026-02-18 10:10:51.016-0500 | EthScheduler-Workers-0 | INFO  | PersistBlockTask | Imported empty block #6,111 / 0 tx / 0 om / 0 (0.0%) gas / (0xe84c4e963b8ab070988195bfda93a3516a5e1fa61fc948bab5ae77f8d0a80b4d) in 0.004s. Peers: 7
2026-02-18 10:11:05.295-0500 | EthScheduler-Workers-0 | INFO  | PersistBlockTask | Imported empty block #6,112 / 0 tx / 0 om / 0 (0.0%) gas / (0xc6fb65b9bd829d8f92eafb97f2ab58fb898d1aacde08be1d39820ca7394a92a1) in 0.003s. Peers: 7
2026-02-18 10:11:10.012-0500 | EthScheduler-Workers-0 | INFO  | PersistBlockTask | Imported empty block #6,113 / 0 tx / 0 om / 0 (0.0%) gas / (0x7c7d7195be98fd0fa8f5fcbba84eee1fa08eb74dc0be6e2958f3a0f75741d5d2) in 0.002s. Peers: 7
2026-02-18 10:11:15.017-0500 | EthScheduler-Workers-0 | INFO  | PersistBlockTask | Imported empty block #6,114 / 0 tx / 0 om / 0 (0.0%) gas / (0x8d395a7c85cf459619924edd10ac8d100e24d987f9f33fc4b08fd7f9c81e7574) in 0.003s. Peers: 7
2026-02-18 10:11:20.026-0500 | EthScheduler-Workers-0 | INFO  | PersistBlockTask | Imported empty block #6,115 / 0 tx / 0 om / 0 (0.0%) gas / (0xac184184ff9d0a8aceb5d18711fef8418a9049ae8afd4234876ee765ecc98973) in 0.004s. Peers: 7
2026-02-18 10:11:25.016-0500 | EthScheduler-Workers-0 | INFO  | PersistBlockTask | Imported empty block #6,116 / 0 tx / 0 om / 0 (0.0%) gas / (0x548076e615cb7a15bdb234286da565c617cb20db1070115142fde242613601a3) in 0.002s. Peers: 7
2026-02-18 10:11:39.307-0500 | EthScheduler-Workers-0 | INFO  | PersistBlockTask | Imported empty block #6,117 / 0 tx / 0 om / 0 (0.0%) gas / (0x769a50739ebbb092feee81eb37d9318d7345c89313f9aaa5e8f3be939180e37d) in 0.005s. Peers: 7
2026-02-18 10:11:44.018-0500 | EthScheduler-Workers-0 | INFO  | PersistBlockTask | Imported empty block #6,118 / 0 tx / 0 om / 0 (0.0%) gas / (0x20e04e7d784378dfd4964b215e384e12945b493d38a3bace8021c8882289d2d7) in 0.004s. Peers: 7
2026-02-18 10:11:49.018-0500 | EthScheduler-Workers-0 | INFO  | PersistBlockTask | Imported empty block #6,119 / 0 tx / 0 om / 0 (0.0%) gas / (0x82852a569776c0cbe51d9b1d27d5bd1bea882f5bc4a7ab5eae9fdf532035279b) in 0.003s. Peers: 7
2026-02-18 10:11:54.022-0500 | EthScheduler-Workers-0 | INFO  | PersistBlockTask | Imported empty block #6,120 / 0 tx / 0 om / 0 (0.0%) gas / (0x9d86b561aa3c58aa6460715dd25468a342db1ec36977bc69f7da56930a4b5590) in 0.005s. Peers: 7
2026-02-18 10:12:08.285-0500 | EthScheduler-Workers-0 | INFO  | PersistBlockTask | Imported empty block #6,121 / 0 tx / 0 om / 0 (0.0%) gas / (0x4e1f5b4f1af380d3407d209b84bf2db15172e633945d355e65e97bca475c31cb) in 0.002s. Peers: 7
2026-02-18 10:12:13.016-0500 | EthScheduler-Workers-0 | INFO  | PersistBlockTask | Imported empty block #6,122 / 0 tx / 0 om / 0 (0.0%) gas / (0x415b0fe3c631a0d7b7a7ee3ba5d217c14b6ac6b6f7d9cff2ac23ac7b2ca3ba73) in 0.001s. Peers: 7
2026-02-18 10:12:18.015-0500 | EthScheduler-Workers-0 | INFO  | PersistBlockTask | Imported empty block #6,123 / 0 tx / 0 om / 0 (0.0%) gas / (0x2cbac617c761cb3aa45a4ef3dd84b2fe57acb2ac1d3c700996737dc0ad048a3a) in 0.004s. Peers: 7
2026-02-18 10:12:23.018-0500 | EthScheduler-Workers-0 | INFO  | PersistBlockTask | Imported empty block #6,124 / 0 tx / 0 om / 0 (0.0%) gas / (0xbb570fa25d2081743594bf6ebf6954232ac9d34a1d9f612aed125ffea5b967ca) in 0.002s. Peers: 7
2026-02-18 10:12:28.016-0500 | EthScheduler-Workers-0 | INFO  | PersistBlockTask | Imported empty block #6,125 / 0 tx / 0 om / 0 (0.0%) gas / (0xe3d7d1a70c6681c25e1b7b7bd6f5bfe598a35c5de8db0a28f38d2b3079cd81aa) in 0.002s. Peers: 7
2026-02-18 10:12:42.292-0500 | EthScheduler-Workers-0 | INFO  | PersistBlockTask | Imported empty block #6,126 / 0 tx / 0 om / 0 (0.0%) gas / (0xb17fa73ece597e2c749c50e3b1bb8a76bd3b04093db334bce2ff96fa85832412) in 0.003s. Peers: 7
2026-02-18 10:12:47.016-0500 | EthScheduler-Workers-0 | INFO  | PersistBlockTask | Imported empty block #6,127 / 0 tx / 0 om / 0 (0.0%) gas / (0x0684c6ff5b24a8e1a2d97370e54c9cf423022f2fafe8c896cba06e559461b306) in 0.002s. Peers: 7
2026-02-18 10:12:52.015-0500 | EthScheduler-Workers-0 | INFO  | PersistBlockTask | Imported empty block #6,128 / 0 tx / 0 om / 0 (0.0%) gas / (0x94672e88dc2c49615a78d563740402f24531d752bccd33df9662dce105987c56) in 0.002s. Peers: 7
2026-02-18 10:12:57.017-0500 | EthScheduler-Workers-0 | INFO  | PersistBlockTask | Imported empty block #6,129 / 0 tx / 0 om / 0 (0.0%) gas / (0x4cb998a5211cea2f9c4af366d9a9f062188990862d6e897fbffc4b6d4f3d702e) in 0.006s. Peers: 7
2026-02-18 10:13:11.276-0500 | EthScheduler-Workers-0 | INFO  | PersistBlockTask | Imported empty block #6,130 / 0 tx / 0 om / 0 (0.0%) gas / (0xe419f311a78b93b6f6cfce148bf384c594c269c31889b26b279875ef8a32e878) in 0.002s. Peers: 7
2026-02-18 10:13:16.016-0500 | EthScheduler-Workers-0 | INFO  | PersistBlockTask | Imported empty block #6,131 / 0 tx / 0 om / 0 (0.0%) gas / (0xae6e629320d7571f7f909adab0b57e6cf66039f2738c8c49b312a44f61fa7f08) in 0.002s. Peers: 7
2026-02-18 10:13:21.014-0500 | EthScheduler-Workers-0 | INFO  | PersistBlockTask | Imported empty block #6,132 / 0 tx / 0 om / 0 (0.0%) gas / (0xdfa59f7fe3ed4fe9121b2ca541be610f08098ded6454229eb2f7c17dede3b415) in 0.002s. Peers: 7
2026-02-18 10:13:26.011-0500 | EthScheduler-Workers-0 | INFO  | PersistBlockTask | Imported empty block #6,133 / 0 tx / 0 om / 0 (0.0%) gas / (0xb037c81ed3ed459d81efa4af1aef8add96aa9976e538757be276f36121252131) in 0.002s. Peers: 7
2026-02-18 10:13:31.016-0500 | EthScheduler-Workers-0 | INFO  | PersistBlockTask | Imported empty block #6,134 / 0 tx / 0 om / 0 (0.0%) gas / (0x4ea169ab7835c6f5551bf2945e48dd428ff0c49df8f5287b7b5a60f3653fd79f) in 0.002s. Peers: 7
2026-02-18 10:13:45.260-0500 | EthScheduler-Workers-0 | INFO  | PersistBlockTask | Imported empty block #6,135 / 0 tx / 0 om / 0 (0.0%) gas / (0x63384e74b0a0c691b7221dcb08548a5816339992e66b04efbca2fee181468cee) in 0.002s. Peers: 7
2026-02-18 10:13:50.014-0500 | EthScheduler-Workers-0 | INFO  | PersistBlockTask | Imported empty block #6,136 / 0 tx / 0 om / 0 (0.0%) gas / (0x9198887613aa3f738058f2bc48b19e611adaf8c06c9893ffa7e4546ba5662122) in 0.002s. Peers: 7
2026-02-18 10:13:55.018-0500 | EthScheduler-Workers-0 | INFO  | PersistBlockTask | Imported empty block #6,137 / 0 tx / 0 om / 0 (0.0%) gas / (0x6636e0c45c74477cf764ec4cef14c57c234230c0f8bab89e931ef25a7923ae6b) in 0.003s. Peers: 7
2026-02-18 10:14:00.014-0500 | EthScheduler-Workers-0 | INFO  | PersistBlockTask | Imported empty block #6,138 / 0 tx / 0 om / 0 (0.0%) gas / (0xa3ff22c758921fb99ee6c238e094354f09b4779f57729db98ebe16f2917a14fe) in 0.002s. Peers: 7
2026-02-18 10:14:14.244-0500 | EthScheduler-Workers-0 | INFO  | PersistBlockTask | Imported empty block #6,139 / 0 tx / 0 om / 0 (0.0%) gas / (0xa6a3a82e656405b2ba176a0fcd16d6268dbb1f7f88821ee746e9023296dc6006) in 0.003s. Peers: 7
2026-02-18 10:14:19.016-0500 | EthScheduler-Workers-0 | INFO  | PersistBlockTask | Imported empty block #6,140 / 0 tx / 0 om / 0 (0.0%) gas / (0x7865926e9616704704000f3fc8cc83d861a849a6c45ad453a9e833d35c7de224) in 0.002s. Peers: 7
2026-02-18 10:14:24.016-0500 | EthScheduler-Workers-0 | INFO  | PersistBlockTask | Imported empty block #6,141 / 0 tx / 0 om / 0 (0.0%) gas / (0x1b817a2bb3dadb81e54ce21c9c9e001327e113fd9334be0e1000baae193e6849) in 0.002s. Peers: 7
2026-02-18 10:14:29.010-0500 | EthScheduler-Workers-0 | INFO  | PersistBlockTask | Imported empty block #6,142 / 0 tx / 0 om / 0 (0.0%) gas / (0xff6a4e3124e305e9efa20309158885f83ae437db20ccb0324c0a113eb72cbda1) in 0.002s. Peers: 7
2026-02-18 10:14:34.012-0500 | EthScheduler-Workers-0 | INFO  | PersistBlockTask | Imported empty block #6,143 / 0 tx / 0 om / 0 (0.0%) gas / (0x4dc566e0448b06ed706d9379ae10b39ff11d5aea0ecc6faa883f60ec4e73d0c0) in 0.002s. Peers: 7
2026-02-18 10:14:48.243-0500 | EthScheduler-Workers-0 | INFO  | PersistBlockTask | Imported empty block #6,144 / 0 tx / 0 om / 0 (0.0%) gas / (0x921e62ffef43c2373d8ffc9df9073cc5c24d1d61141ff60b5ac52cb7f26c705a) in 0.002s. Peers: 7
2026-02-18 10:14:53.064-0500 | EthScheduler-Workers-0 | INFO  | PersistBlockTask | Imported block #6,145 / 1 tx / 0 om / 293,492 (1.0%) gas / (0xf45eae488c822014db39e097e2be40828614901f016cf25f7c8a2d5a409c205c) in 0.015s. Peers: 7
2026-02-18 10:14:58.016-0500 | EthScheduler-Workers-0 | INFO  | PersistBlockTask | Imported empty block #6,146 / 0 tx / 0 om / 0 (0.0%) gas / (0x8ac147c0dcd2efb816fc3860daf81c3ddc797da074125d72311a0c4975a72b72) in 0.004s. Peers: 7
2026-02-18 10:15:03.013-0500 | EthScheduler-Workers-0 | INFO  | PersistBlockTask | Imported empty block #6,147 / 0 tx / 0 om / 0 (0.0%) gas / (0x8a1e13a6ef26e10185839b461c2f994c6ceaa07685201999dcc5956e7fbd127c) in 0.003s. Peers: 7
2026-02-18 10:15:17.287-0500 | EthScheduler-Workers-0 | INFO  | PersistBlockTask | Imported block #6,148 / 2 tx / 0 om / 165,461 (0.6%) gas / (0xf2929a5b487f750ca23de796db1b8edcc24d9c118bf8a0f8301dec670e4a82ca) in 0.010s. Peers: 7
2026-02-18 10:15:22.014-0500 | EthScheduler-Workers-0 | INFO  | PersistBlockTask | Imported empty block #6,149 / 0 tx / 0 om / 0 (0.0%) gas / (0xeffcd0b1c3f4c4f344731528516982bca62f86a5051ff93f85b619816ae078d6) in 0.003s. Peers: 7
2026-02-18 10:15:27.013-0500 | EthScheduler-Workers-0 | INFO  | PersistBlockTask | Imported empty block #6,150 / 0 tx / 0 om / 0 (0.0%) gas / (0x110f42210b09f7fc25cc0ce958e1fb9aafe471b8062dad5ecafe49aa35afbc0d) in 0.003s. Peers: 7
2026-02-18 10:15:32.016-0500 | EthScheduler-Workers-0 | INFO  | PersistBlockTask | Imported empty block #6,151 / 0 tx / 0 om / 0 (0.0%) gas / (0x96107dfe4ce5cb3308c27870409fb3962ff9737efb4747cad2feb5bc1ca8c254) in 0.004s. Peers: 7
2026-02-18 10:15:37.039-0500 | EthScheduler-Workers-0 | INFO  | PersistBlockTask | Imported block #6,152 / 1 tx / 0 om / 149,155 (0.5%) gas / (0x2d3011beaa0bb9e0a10685029c604431ada5b54e1e9d14c637cee61fd8cdfe9d) in 0.011s. Peers: 7
2026-02-18 10:15:51.289-0500 | EthScheduler-Workers-0 | INFO  | PersistBlockTask | Imported empty block #6,153 / 0 tx / 0 om / 0 (0.0%) gas / (0x356b3f012324cf9858737ba105b935ca1d46db138c3359faf9edb5daa2ca69c1) in 0.003s. Peers: 7
2026-02-18 10:15:56.012-0500 | EthScheduler-Workers-0 | INFO  | PersistBlockTask | Imported empty block #6,154 / 0 tx / 0 om / 0 (0.0%) gas / (0x1730375a0c7b3b5001001255ac2a9e61a0b19d2608ca30818e0ae4b0d071c2bd) in 0.002s. Peers: 7
2026-02-18 10:16:01.014-0500 | EthScheduler-Workers-0 | INFO  | PersistBlockTask | Imported empty block #6,155 / 0 tx / 0 om / 0 (0.0%) gas / (0x5fce124d5808239e9819362901058b6f7bde96dc51f96af23cf1f026e58e55f8) in 0.002s. Peers: 7
2026-02-18 10:16:06.013-0500 | EthScheduler-Workers-0 | INFO  | PersistBlockTask | Imported empty block #6,156 / 0 tx / 0 om / 0 (0.0%) gas / (0x54027b8083d855e758b1153672aeb7bd79a2db1867817c51b99109341ef4f2e5) in 0.003s. Peers: 7
2026-02-18 10:16:20.275-0500 | EthScheduler-Workers-0 | INFO  | PersistBlockTask | Imported empty block #6,157 / 0 tx / 0 om / 0 (0.0%) gas / (0xbe4545989e0009956f6b8bad3bf0f713965bca09b411344bfe3be7a67ff63c60) in 0.002s. Peers: 7
2026-02-18 10:16:25.017-0500 | EthScheduler-Workers-0 | INFO  | PersistBlockTask | Imported empty block #6,158 / 0 tx / 0 om / 0 (0.0%) gas / (0x952de69b783a39bc5d87399ea142576c44e5dbfd6550584b7ad039d1d1448f2c) in 0.003s. Peers: 7
2026-02-18 10:16:30.012-0500 | EthScheduler-Workers-0 | INFO  | PersistBlockTask | Imported empty block #6,159 / 0 tx / 0 om / 0 (0.0%) gas / (0xc2da3759b7f90216df4829188dd450be81794a155590b6c7c5d4006e0f6a1154) in 0.002s. Peers: 7
2026-02-18 10:16:35.013-0500 | EthScheduler-Workers-0 | INFO  | PersistBlockTask | Imported empty block #6,160 / 0 tx / 0 om / 0 (0.0%) gas / (0xf8ee06295144c7ceabc8f9a86172387d324d44e0eef827b5f0d261301856801f) in 0.004s. Peers: 7
2026-02-18 10:16:40.013-0500 | EthScheduler-Workers-0 | INFO  | PersistBlockTask | Imported empty block #6,161 / 0 tx / 0 om / 0 (0.0%) gas / (0xb7a4cc313c6669ca770cd5cb12502f64757bb6e3ef2a851cd471475fe768f12e) in 0.002s. Peers: 7
2026-02-18 10:16:54.264-0500 | EthScheduler-Workers-0 | INFO  | PersistBlockTask | Imported empty block #6,162 / 0 tx / 0 om / 0 (0.0%) gas / (0x430eb0b59dd6fe4b8e240a5152c4019a052200b2fdef608edeb065cf9cf019a3) in 0.005s. Peers: 7
2026-02-18 10:16:59.011-0500 | EthScheduler-Workers-0 | INFO  | PersistBlockTask | Imported empty block #6,163 / 0 tx / 0 om / 0 (0.0%) gas / (0xa86be796050bf97087285e230bad990d39fbec9ef3954502385378a0010e605d) in 0.001s. Peers: 7
2026-02-18 10:17:04.012-0500 | EthScheduler-Workers-0 | INFO  | PersistBlockTask | Imported empty block #6,164 / 0 tx / 0 om / 0 (0.0%) gas / (0xf9e3a1999df3177de9349bdaa6374161cda54ea658cb576a8502fe85ef4e9f83) in 0.002s. Peers: 7
2026-02-18 10:17:09.016-0500 | EthScheduler-Workers-0 | INFO  | PersistBlockTask | Imported empty block #6,165 / 0 tx / 0 om / 0 (0.0%) gas / (0xb70d401ac752a60b1e0c2a110b351d4a11ed8af9be0b0253b6363f06caede613) in 0.003s. Peers: 7
2026-02-18 10:17:23.251-0500 | EthScheduler-Workers-0 | INFO  | PersistBlockTask | Imported empty block #6,166 / 0 tx / 0 om / 0 (0.0%) gas / (0xbc504b76006560c15fae439c29b145645b4e3ab36192f91a55665f8492d6895c) in 0.002s. Peers: 7
2026-02-18 10:17:28.021-0500 | EthScheduler-Workers-0 | INFO  | PersistBlockTask | Imported empty block #6,167 / 0 tx / 0 om / 0 (0.0%) gas / (0xc3caed617474ba26e7e1abf90d4baf597fb717cde8de9157e0e77a652894eee7) in 0.002s. Peers: 7
2026-02-18 10:17:33.017-0500 | EthScheduler-Workers-0 | INFO  | PersistBlockTask | Imported empty block #6,168 / 0 tx / 0 om / 0 (0.0%) gas / (0xfa329a84999b75beff98172eb5300cc9a5d9465453f5c81e1858600799a692ff) in 0.003s. Peers: 7
2026-02-18 10:17:38.011-0500 | EthScheduler-Workers-0 | INFO  | PersistBlockTask | Imported empty block #6,169 / 0 tx / 0 om / 0 (0.0%) gas / (0xd5615ad6d7dee4f96dea475315b9bf323e963fc68b34f1acf39173f691aa0feb) in 0.002s. Peers: 7
2026-02-18 10:17:43.014-0500 | EthScheduler-Workers-0 | INFO  | PersistBlockTask | Imported empty block #6,170 / 0 tx / 0 om / 0 (0.0%) gas / (0x8f83edb12cfb5b38109b4cb6ea66e6a579ee021a710acff301de290b74cd3e54) in 0.002s. Peers: 7
2026-02-18 10:17:57.268-0500 | EthScheduler-Workers-0 | INFO  | PersistBlockTask | Imported empty block #6,171 / 0 tx / 0 om / 0 (0.0%) gas / (0x4166875d42449664112195b6c173bfc97bd23f3598093db754b2067332d94cdf) in 0.004s. Peers: 7
2026-02-18 10:18:02.015-0500 | EthScheduler-Workers-0 | INFO  | PersistBlockTask | Imported empty block #6,172 / 0 tx / 0 om / 0 (0.0%) gas / (0x8cbc5321951ebf2c2e09606a575997c0e23238bccb01abd45e169d8f3b4d62de) in 0.003s. Peers: 7
2026-02-18 10:18:07.013-0500 | EthScheduler-Workers-0 | INFO  | PersistBlockTask | Imported empty block #6,173 / 0 tx / 0 om / 0 (0.0%) gas / (0x5197f54921b7da6378bcb504ac3d8c4dc54c6b0890ca46204e58a61281b19241) in 0.002s. Peers: 7
2026-02-18 10:18:12.013-0500 | EthScheduler-Workers-0 | INFO  | PersistBlockTask | Imported empty block #6,174 / 0 tx / 0 om / 0 (0.0%) gas / (0x337c14bfe77e5b7b0576654bfd86260515a34d859a439917343807913bdf76f2) in 0.002s. Peers: 7
2026-02-18 10:18:26.264-0500 | EthScheduler-Workers-0 | INFO  | PersistBlockTask | Imported empty block #6,175 / 0 tx / 0 om / 0 (0.0%) gas / (0x19d15a5ebf5f55abcbfd31971038152162cd618c2006e92047c8da2f5ab53cab) in 0.003s. Peers: 7
2026-02-18 10:18:31.018-0500 | EthScheduler-Workers-0 | INFO  | PersistBlockTask | Imported empty block #6,176 / 0 tx / 0 om / 0 (0.0%) gas / (0x0ff1b6dd49bd9b3b26f78a2ee341ed458d863a2f2b861da3501b3ac46fe52df7) in 0.003s. Peers: 7
2026-02-18 10:18:36.016-0500 | EthScheduler-Workers-0 | INFO  | PersistBlockTask | Imported empty block #6,177 / 0 tx / 0 om / 0 (0.0%) gas / (0xb5d781e67f6a748fc776b541cb47baf7e4b8b66b01988a858719029961a9d0f8) in 0.003s. Peers: 7
2026-02-18 10:18:41.019-0500 | EthScheduler-Workers-0 | INFO  | PersistBlockTask | Imported empty block #6,178 / 0 tx / 0 om / 0 (0.0%) gas / (0x5fd39eab82c14f17f4fe18692801cf476eeefb280fa71908393a77100293a216) in 0.004s. Peers: 7
2026-02-18 10:18:46.013-0500 | EthScheduler-Workers-0 | INFO  | PersistBlockTask | Imported empty block #6,179 / 0 tx / 0 om / 0 (0.0%) gas / (0x59e10e64139abf3d803da54a4b1a2ea5808662cb41ea7bbc7f8dd19424aabdc9) in 0.004s. Peers: 7
2026-02-18 10:19:00.271-0500 | EthScheduler-Workers-0 | INFO  | PersistBlockTask | Imported empty block #6,180 / 0 tx / 0 om / 0 (0.0%) gas / (0xe503226af7f3ba984224fa299728fea9eb9345dcbaa91fef35fd32b7977e5a69) in 0.004s. Peers: 7
2026-02-18 10:19:05.014-0500 | EthScheduler-Workers-0 | INFO  | PersistBlockTask | Imported empty block #6,181 / 0 tx / 0 om / 0 (0.0%) gas / (0xa9a4669cf566a515a20ca886cb73138ab09fcbf902495af820d48059f4f21a40) in 0.004s. Peers: 7
2026-02-18 10:19:10.013-0500 | EthScheduler-Workers-0 | INFO  | PersistBlockTask | Imported empty block #6,182 / 0 tx / 0 om / 0 (0.0%) gas / (0x664286a8bb242931c72daec2e1e6585009cb3d291d65118f13e7b090956648fd) in 0.002s. Peers: 7
2026-02-18 10:19:15.016-0500 | EthScheduler-Workers-0 | INFO  | PersistBlockTask | Imported empty block #6,183 / 0 tx / 0 om / 0 (0.0%) gas / (0x1b2d31406cdcb444d60f414b9d626cd8794cf4302ca098a01005e6be9ae40ec2) in 0.004s. Peers: 7
2026-02-18 10:19:29.264-0500 | EthScheduler-Workers-0 | INFO  | PersistBlockTask | Imported empty block #6,184 / 0 tx / 0 om / 0 (0.0%) gas / (0xd22a7b4e6d94f30440df81fa7dfadf69b2cb6702ffdd5017063cc4e3ccca4a63) in 0.004s. Peers: 7
2026-02-18 10:19:34.013-0500 | EthScheduler-Workers-0 | INFO  | PersistBlockTask | Imported empty block #6,185 / 0 tx / 0 om / 0 (0.0%) gas / (0xca4aef86dbe27f5e84d55dbd76a75dc9591d57e0a851f64619ed1f7e3c9a1a3e) in 0.002s. Peers: 7
2026-02-18 10:19:39.015-0500 | EthScheduler-Workers-0 | INFO  | PersistBlockTask | Imported empty block #6,186 / 0 tx / 0 om / 0 (0.0%) gas / (0x0579a1bebdde96d897d7391e7bfad9e3d8afeb7e92abbf3046a0e053d5aff665) in 0.003s. Peers: 7
2026-02-18 10:19:44.011-0500 | EthScheduler-Workers-0 | INFO  | PersistBlockTask | Imported empty block #6,187 / 0 tx / 0 om / 0 (0.0%) gas / (0x83ad038377a0c6ff5f0012515af2934086204d45b65298b37276a0a0ae96d5e3) in 0.002s. Peers: 7
2026-02-18 10:19:49.012-0500 | EthScheduler-Workers-0 | INFO  | PersistBlockTask | Imported empty block #6,188 / 0 tx / 0 om / 0 (0.0%) gas / (0xbd71d30e2a9fe92d25a8ba673035ac26825159438c955b8d20fb4b0827a3e920) in 0.002s. Peers: 7
2026-02-18 10:20:03.269-0500 | EthScheduler-Workers-0 | INFO  | PersistBlockTask | Imported empty block #6,189 / 0 tx / 0 om / 0 (0.0%) gas / (0x4a56eea3a8da8c590dc0707f079f779e0e8b2d7f046b0436705aa98b61d88d88) in 0.004s. Peers: 7
2026-02-18 10:20:08.015-0500 | EthScheduler-Workers-0 | INFO  | PersistBlockTask | Imported empty block #6,190 / 0 tx / 0 om / 0 (0.0%) gas / (0x1594606896ec9354fdfd7f435fe727ec8348e16218e692b957800dd1af7f0d71) in 0.002s. Peers: 7
2026-02-18 10:20:13.013-0500 | EthScheduler-Workers-0 | INFO  | PersistBlockTask | Imported empty block #6,191 / 0 tx / 0 om / 0 (0.0%) gas / (0xe91959ac01188123dae6a310e6de234bdc3d7dd39fb5118f1f1a45a94b26bf5c) in 0.002s. Peers: 7
2026-02-18 10:20:18.020-0500 | EthScheduler-Workers-0 | INFO  | PersistBlockTask | Imported empty block #6,192 / 0 tx / 0 om / 0 (0.0%) gas / (0xa7bec89bbaaf6992cd1fc3b4e2f8127d604916ee82f53ff1c87d19218d343a58) in 0.004s. Peers: 7
2026-02-18 10:20:32.262-0500 | EthScheduler-Workers-0 | INFO  | PersistBlockTask | Imported empty block #6,193 / 0 tx / 0 om / 0 (0.0%) gas / (0xe60566a2bf18543ca4ae69f06d42aaa993722dcd65a040bb4a1f24dcf532c211) in 0.003s. Peers: 7
2026-02-18 10:20:37.014-0500 | EthScheduler-Workers-0 | INFO  | PersistBlockTask | Imported empty block #6,194 / 0 tx / 0 om / 0 (0.0%) gas / (0x7030e156896f8517116cb37197cb50512ccc529275b7587e3b4b442a17d6bb0a) in 0.003s. Peers: 7
2026-02-18 10:20:42.014-0500 | EthScheduler-Workers-0 | INFO  | PersistBlockTask | Imported empty block #6,195 / 0 tx / 0 om / 0 (0.0%) gas / (0xf5a6f430ae194559e6f61320878b1e1868b0a98f5737d2e0b65f04c0f187ebc1) in 0.001s. Peers: 7
2026-02-18 10:20:47.013-0500 | EthScheduler-Workers-0 | INFO  | PersistBlockTask | Imported empty block #6,196 / 0 tx / 0 om / 0 (0.0%) gas / (0x2f7a93072dff00c9b3e7e771f37c76ab212c86071f0c5bd5217ed050f8716db5) in 0.002s. Peers: 7
2026-02-18 10:20:52.013-0500 | EthScheduler-Workers-0 | INFO  | PersistBlockTask | Imported empty block #6,197 / 0 tx / 0 om / 0 (0.0%) gas / (0x6b10d4ab93bee2e193950f68145bdf6465df3d1ffe2d2fde1f3b5fa00f2c845b) in 0.003s. Peers: 7
2026-02-18 10:21:06.249-0500 | EthScheduler-Workers-0 | INFO  | PersistBlockTask | Imported empty block #6,198 / 0 tx / 0 om / 0 (0.0%) gas / (0x60029365eed99cb2c5d65ea71e7d32c4b7cc385bb901f02fe33d3b903780bcfe) in 0.002s. Peers: 7
2026-02-18 10:21:11.014-0500 | EthScheduler-Workers-0 | INFO  | PersistBlockTask | Imported empty block #6,199 / 0 tx / 0 om / 0 (0.0%) gas / (0xb22d217cb57f3071591e28981dc760c6b267bec1eb915f836fc7b647e1d30da8) in 0.002s. Peers: 7
2026-02-18 10:21:16.010-0500 | EthScheduler-Workers-0 | INFO  | PersistBlockTask | Imported empty block #6,200 / 0 tx / 0 om / 0 (0.0%) gas / (0xea0221915418ba397f03570c629c88940bfa48d73a7f3e0cb190686bb20d30bf) in 0.002s. Peers: 7
2026-02-18 10:21:21.011-0500 | EthScheduler-Workers-0 | INFO  | PersistBlockTask | Imported empty block #6,201 / 0 tx / 0 om / 0 (0.0%) gas / (0x48f6230e7b6581d9073e6331d0410dff3321eee1733d85c9ecb51504f9a8d2f3) in 0.001s. Peers: 7
2026-02-18 10:21:35.240-0500 | EthScheduler-Workers-0 | INFO  | PersistBlockTask | Imported empty block #6,202 / 0 tx / 0 om / 0 (0.0%) gas / (0x1a8b4c65f8acc1406c47b3d5f544ca4fd53526d9ea19d20235dd1a0b79cbf8af) in 0.003s. Peers: 7
2026-02-18 10:21:40.017-0500 | EthScheduler-Workers-0 | INFO  | PersistBlockTask | Imported empty block #6,203 / 0 tx / 0 om / 0 (0.0%) gas / (0xd7af3442650eef8f2d07a2c2c97cf1dea2e11c1691b619bd808395a8ff86e034) in 0.002s. Peers: 7
2026-02-18 10:21:45.018-0500 | EthScheduler-Workers-0 | INFO  | PersistBlockTask | Imported empty block #6,204 / 0 tx / 0 om / 0 (0.0%) gas / (0x10038ac6a9609fc5c819b88d9211d41721a9bbafac46ff6b688200d546f129fd) in 0.002s. Peers: 7
2026-02-18 10:21:50.013-0500 | EthScheduler-Workers-0 | INFO  | PersistBlockTask | Imported empty block #6,205 / 0 tx / 0 om / 0 (0.0%) gas / (0xb4dc5672dd667f459c193bec19a51682d2b4b77cbb075038b9469bb51d150164) in 0.003s. Peers: 7
2026-02-18 10:21:55.010-0500 | EthScheduler-Workers-0 | INFO  | PersistBlockTask | Imported empty block #6,206 / 0 tx / 0 om / 0 (0.0%) gas / (0x79eb9a83fb5af3604c6549b19d60d051eae2fd2cfffb8d61e041afdd74bd5390) in 0.002s. Peers: 7
2026-02-18 10:22:00.015-0500 | EthScheduler-Workers-0 | INFO  | PersistBlockTask | Imported empty block #6,207 / 0 tx / 0 om / 0 (0.0%) gas / (0x46f37f699b8df4accc1a30ea812460e49e23ff02f369a43814ddbcb96398493f) in 0.002s. Peers: 7
2026-02-18 10:22:05.011-0500 | EthScheduler-Workers-0 | INFO  | PersistBlockTask | Imported empty block #6,208 / 0 tx / 0 om / 0 (0.0%) gas / (0x1c8bb956d5b638868bed62c234c44e5aca4cc01c9b96c79ccabc512f031b298f) in 0.002s. Peers: 7
2026-02-18 10:22:10.011-0500 | EthScheduler-Workers-0 | INFO  | PersistBlockTask | Imported empty block #6,209 / 0 tx / 0 om / 0 (0.0%) gas / (0x3dc6d2155d2c9c343350e9a0d86b988357fa210f3928b60ba945d237d1a13a86) in 0.002s. Peers: 7
2026-02-18 10:22:23.966-0500 | EthScheduler-Workers-0 | INFO  | PersistBlockTask | Imported empty block #6,210 / 0 tx / 0 om / 0 (0.0%) gas / (0x8eeaf88d6d6475a4fbd359991d5d370106bcefc8850d80d8618e0925306ec0c0) in 0.002s. Peers: 7
2026-02-18 10:22:28.020-0500 | EthScheduler-Workers-0 | INFO  | PersistBlockTask | Imported empty block #6,211 / 0 tx / 0 om / 0 (0.0%) gas / (0xe76ceaa260073deb8244e314a576c2cef4e0721383a24d722c46c1690a5698c0) in 0.002s. Peers: 7
2026-02-18 10:22:33.012-0500 | EthScheduler-Workers-0 | INFO  | PersistBlockTask | Imported empty block #6,212 / 0 tx / 0 om / 0 (0.0%) gas / (0x275a7835d4f51d9337b9df07cd2ea93614ff0c98366c7606a2f78385e3dab7fd) in 0.002s. Peers: 7
2026-02-18 10:22:38.014-0500 | EthScheduler-Workers-0 | INFO  | PersistBlockTask | Imported empty block #6,213 / 0 tx / 0 om / 0 (0.0%) gas / (0x70249ce78b619ad63a5d4f116c0fe82e729b986d41b53543c1e492edde832cc8) in 0.002s. Peers: 7
2026-02-18 10:22:43.012-0500 | EthScheduler-Workers-0 | INFO  | PersistBlockTask | Imported empty block #6,214 / 0 tx / 0 om / 0 (0.0%) gas / (0xa42f0b8c2d66d92de6ed96cf627b28866ef97761c34ba56698efeec151b47bc7) in 0.001s. Peers: 7
2026-02-18 10:22:57.266-0500 | EthScheduler-Workers-0 | INFO  | PersistBlockTask | Imported empty block #6,215 / 0 tx / 0 om / 0 (0.0%) gas / (0x68bbd27709b0b6daf69c459de7a04c4b18b7376642cd2a2fab232742c94d1310) in 0.002s. Peers: 7
2026-02-18 10:23:02.010-0500 | EthScheduler-Workers-0 | INFO  | PersistBlockTask | Imported empty block #6,216 / 0 tx / 0 om / 0 (0.0%) gas / (0x0c2acf7437d9ef270b6f50adbc9a98188dfb931dd1ac1c0e34744d2c7cea5080) in 0.002s. Peers: 7
2026-02-18 10:23:07.016-0500 | EthScheduler-Workers-0 | INFO  | PersistBlockTask | Imported empty block #6,217 / 0 tx / 0 om / 0 (0.0%) gas / (0xf83a0bcacb0fc762c59f9f54739add749fa3c7c67478da92dd39a0ac428abf88) in 0.001s. Peers: 7
2026-02-18 10:23:12.011-0500 | EthScheduler-Workers-0 | INFO  | PersistBlockTask | Imported empty block #6,218 / 0 tx / 0 om / 0 (0.0%) gas / (0xeaeb37a50201059a75fb9cdf91d9a034bc145567ef1ae0d42c8ba19fa7d8482b) in 0.002s. Peers: 7
2026-02-18 10:23:26.275-0500 | EthScheduler-Workers-0 | INFO  | PersistBlockTask | Imported empty block #6,219 / 0 tx / 0 om / 0 (0.0%) gas / (0xa5881361026304c052b674ad454b3aa0358046c196e88d3948469c056c72023a) in 0.002s. Peers: 7
2026-02-18 10:23:31.013-0500 | EthScheduler-Workers-0 | INFO  | PersistBlockTask | Imported empty block #6,220 / 0 tx / 0 om / 0 (0.0%) gas / (0x0f2b3ca9dc89bad0c16daa3fc776d98896b3b78e3b9f239eb7b6fb16b4f7e647) in 0.001s. Peers: 7
2026-02-18 10:23:36.014-0500 | EthScheduler-Workers-0 | INFO  | PersistBlockTask | Imported empty block #6,221 / 0 tx / 0 om / 0 (0.0%) gas / (0x1fee570b627d0529dd44f4e599446f9bc920a90d7a226dd73fb44e27c5ca45a4) in 0.001s. Peers: 7
2026-02-18 10:23:41.009-0500 | EthScheduler-Workers-0 | INFO  | PersistBlockTask | Imported empty block #6,222 / 0 tx / 0 om / 0 (0.0%) gas / (0x4bf247eda88e4f5831438c1bb47d3d57f89a18677d953c45b1386c7b0dd72e1c) in 0.001s. Peers: 7
2026-02-18 10:23:46.012-0500 | EthScheduler-Workers-0 | INFO  | PersistBlockTask | Imported empty block #6,223 / 0 tx / 0 om / 0 (0.0%) gas / (0x7438720e7733a534257ad69eb822ee4c4dd87076c20ab776a49cc74e3c936558) in 0.002s. Peers: 7
2026-02-18 10:24:00.279-0500 | EthScheduler-Workers-0 | INFO  | PersistBlockTask | Imported empty block #6,224 / 0 tx / 0 om / 0 (0.0%) gas / (0x77e9684a88a1e97ff11864bddfa963dcbc59644028f252300855a293e94f41a6) in 0.003s. Peers: 7
2026-02-18 10:24:05.011-0500 | EthScheduler-Workers-0 | INFO  | PersistBlockTask | Imported empty block #6,225 / 0 tx / 0 om / 0 (0.0%) gas / (0xdbbe87e90b3938a16109ea4b70c9eddd9c6926ca2d2fcc8175d4c185f586b8b3) in 0.002s. Peers: 7
2026-02-18 10:24:10.010-0500 | EthScheduler-Workers-0 | INFO  | PersistBlockTask | Imported empty block #6,226 / 0 tx / 0 om / 0 (0.0%) gas / (0x1b6ca9b3b8090503f2daaa3cd68ad6e90d93874c6456582fb4db5e3111967495) in 0.002s. Peers: 7
2026-02-18 10:24:15.010-0500 | EthScheduler-Workers-0 | INFO  | PersistBlockTask | Imported empty block #6,227 / 0 tx / 0 om / 0 (0.0%) gas / (0x50ce41477bb6a41799be8ea6c94b7608a2dfea22fe4717fb8fd75da1002401bc) in 0.003s. Peers: 7
2026-02-18 10:24:29.274-0500 | EthScheduler-Workers-0 | INFO  | PersistBlockTask | Imported empty block #6,228 / 0 tx / 0 om / 0 (0.0%) gas / (0xb76ec3d3b9bd04a06438d1276c032b7a84cb37363ecfdb139788b285f66cd711) in 0.004s. Peers: 7
2026-02-18 10:24:34.012-0500 | EthScheduler-Workers-0 | INFO  | PersistBlockTask | Imported empty block #6,229 / 0 tx / 0 om / 0 (0.0%) gas / (0xd95a934b7562d604473fdf1fb4a48eb9703713be60fe008e4ef134d9299bf753) in 0.002s. Peers: 7
2026-02-18 10:24:39.012-0500 | EthScheduler-Workers-0 | INFO  | PersistBlockTask | Imported empty block #6,230 / 0 tx / 0 om / 0 (0.0%) gas / (0x2f2b14715ec1ef9a12204252427b39bf518caa696379bc79f4bdbadfebd67066) in 0.002s. Peers: 7
2026-02-18 10:24:44.011-0500 | EthScheduler-Workers-0 | INFO  | PersistBlockTask | Imported empty block #6,231 / 0 tx / 0 om / 0 (0.0%) gas / (0xadf5c54e27fb839650ee963f5a61a20a35923390ce626af20c644d26ef304621) in 0.002s. Peers: 7
2026-02-18 10:24:49.013-0500 | EthScheduler-Workers-0 | INFO  | PersistBlockTask | Imported empty block #6,232 / 0 tx / 0 om / 0 (0.0%) gas / (0x8cf6247f0f53719545044fe17d3511920b2759573c9ec04d902bfd538f383594) in 0.003s. Peers: 7
2026-02-18 10:25:03.298-0500 | EthScheduler-Workers-0 | INFO  | PersistBlockTask | Imported empty block #6,233 / 0 tx / 0 om / 0 (0.0%) gas / (0x8802085fed72e2756f5e37bdf829186f4f4d94926ae0006af0bc39dc097de8f0) in 0.002s. Peers: 7
2026-02-18 10:25:08.016-0500 | EthScheduler-Workers-0 | INFO  | PersistBlockTask | Imported empty block #6,234 / 0 tx / 0 om / 0 (0.0%) gas / (0x0e3aafe7a0ca8a791da7bc5b37610fa600cc30ed0ff1e53edc247337f957eca0) in 0.002s. Peers: 7
2026-02-18 10:25:13.010-0500 | EthScheduler-Workers-0 | INFO  | PersistBlockTask | Imported empty block #6,235 / 0 tx / 0 om / 0 (0.0%) gas / (0x8fdb24d40910697828e3111404fb5034e43d1af4e755579ba65d82da42c4cf9a) in 0.002s. Peers: 7
2026-02-18 10:25:18.012-0500 | EthScheduler-Workers-0 | INFO  | PersistBlockTask | Imported empty block #6,236 / 0 tx / 0 om / 0 (0.0%) gas / (0x5da8381d1f8d42d918d9c668cc069cd97f6bad2e7a3c6685b92e819a759370d6) in 0.002s. Peers: 7
2026-02-18 10:25:32.338-0500 | EthScheduler-Workers-0 | INFO  | PersistBlockTask | Imported block #6,237 / 1 tx / 0 om / 293,504 (1.0%) gas / (0x81394f6c5e45043013bc0ca8d6652f9030eee5c9079a64fde3e81de94034e1b6) in 0.025s. Peers: 7
2026-02-18 10:25:37.014-0500 | EthScheduler-Workers-0 | INFO  | PersistBlockTask | Imported empty block #6,238 / 0 tx / 0 om / 0 (0.0%) gas / (0xcb17485979b4dbb96a61362c50452ee57b845fd9081507a79384c3a40bc34911) in 0.003s. Peers: 7
2026-02-18 10:25:42.013-0500 | EthScheduler-Workers-0 | INFO  | PersistBlockTask | Imported empty block #6,239 / 0 tx / 0 om / 0 (0.0%) gas / (0x74e9b946af7383ffb3f55ceafaa28b41bdb4e8422621be789d75a0655d8ab8a4) in 0.002s. Peers: 7
2026-02-18 10:25:47.016-0500 | EthScheduler-Workers-0 | INFO  | PersistBlockTask | Imported empty block #6,240 / 0 tx / 0 om / 0 (0.0%) gas / (0x4562a0f1949240e18736dd9ae5e6c8fea0b87225648ad2bd38ff41fd9d698ffd) in 0.004s. Peers: 7
2026-02-18 10:25:52.033-0500 | EthScheduler-Workers-0 | INFO  | PersistBlockTask | Imported block #6,241 / 2 tx / 0 om / 165,461 (0.6%) gas / (0xc5aaea827b711c1321583d210e2c837b482b6b7e90bf8110fea23b0c6027f7c3) in 0.012s. Peers: 7
2026-02-18 10:26:06.299-0500 | EthScheduler-Workers-0 | INFO  | PersistBlockTask | Imported empty block #6,242 / 0 tx / 0 om / 0 (0.0%) gas / (0xf6f344d72d1587da454cd060cca1021909d2582fd2ed6135d89f634e7b78e636) in 0.003s. Peers: 7
2026-02-18 10:26:11.020-0500 | EthScheduler-Workers-0 | INFO  | PersistBlockTask | Imported empty block #6,243 / 0 tx / 0 om / 0 (0.0%) gas / (0xb2c544c97b4346812e88991cd1653f96a17e2f927e506acef8546c47c0866756) in 0.003s. Peers: 7
2026-02-18 10:26:16.028-0500 | EthScheduler-Workers-0 | INFO  | PersistBlockTask | Imported block #6,244 / 1 tx / 0 om / 149,155 (0.5%) gas / (0x9a4f1c343728a6d0a2e250fa53d797ef5497010b1ad3484ab24a16b8decc6d95) in 0.008s. Peers: 7
2026-02-18 10:26:21.017-0500 | EthScheduler-Workers-0 | INFO  | PersistBlockTask | Imported empty block #6,245 / 0 tx / 0 om / 0 (0.0%) gas / (0xac32ce6e4a0ad434a08a4ec36a14a094ea6af7e9b2f44fcb241f18fd6a7e715f) in 0.002s. Peers: 7
2026-02-18 10:26:35.228-0500 | EthScheduler-Workers-0 | INFO  | PersistBlockTask | Imported empty block #6,246 / 0 tx / 0 om / 0 (0.0%) gas / (0x19274b3eebf258faafb32049cb042ed9f84cb132f333cb7cc399f689505bb091) in 0.002s. Peers: 7
2026-02-18 10:26:40.018-0500 | EthScheduler-Workers-0 | INFO  | PersistBlockTask | Imported empty block #6,247 / 0 tx / 0 om / 0 (0.0%) gas / (0x68a42cfb875a35997f5d324d1aaed7f1b8210a4388a3fe5279a2c0f94279263d) in 0.002s. Peers: 7
2026-02-18 10:26:45.011-0500 | EthScheduler-Workers-0 | INFO  | PersistBlockTask | Imported empty block #6,248 / 0 tx / 0 om / 0 (0.0%) gas / (0x4e56d76a3697fa912ba3528560408132ade1ad80625656058fb18527044d3de6) in 0.002s. Peers: 7
2026-02-18 10:26:50.014-0500 | EthScheduler-Workers-0 | INFO  | PersistBlockTask | Imported empty block #6,249 / 0 tx / 0 om / 0 (0.0%) gas / (0x37d450401136ba6ef92d11c89aed2f88de6457c27a904fe6fde01b1eebb0408d) in 0.002s. Peers: 7
2026-02-18 10:26:55.009-0500 | EthScheduler-Workers-0 | INFO  | PersistBlockTask | Imported empty block #6,250 / 0 tx / 0 om / 0 (0.0%) gas / (0xa38ba176a4be88f35792ed84ed05e02a2c62c1d7455f937f9f914b5575444a4f) in 0.001s. Peers: 7
2026-02-18 10:27:09.290-0500 | EthScheduler-Workers-0 | INFO  | PersistBlockTask | Imported empty block #6,251 / 0 tx / 0 om / 0 (0.0%) gas / (0x12a2919d240c29a507e176002071bd984fab771d94374be77aced76922d5bb25) in 0.003s. Peers: 7
2026-02-18 10:27:14.019-0500 | EthScheduler-Workers-0 | INFO  | PersistBlockTask | Imported empty block #6,252 / 0 tx / 0 om / 0 (0.0%) gas / (0xd356cb67b35ade883ee08ab8cec48671ad2ce4fd0f120062854a8ddb24714e9a) in 0.003s. Peers: 7
2026-02-18 10:27:19.009-0500 | EthScheduler-Workers-0 | INFO  | PersistBlockTask | Imported empty block #6,253 / 0 tx / 0 om / 0 (0.0%) gas / (0x2e93ab3986a846da28527b98244e369484e67c686c813cfced0c2c34a13fe085) in 0.002s. Peers: 7
2026-02-18 10:27:24.016-0500 | EthScheduler-Workers-0 | INFO  | PersistBlockTask | Imported empty block #6,254 / 0 tx / 0 om / 0 (0.0%) gas / (0x9911a7822566df0526898114ac59e23690b0ef43df7baf6138847139c484a153) in 0.003s. Peers: 7
2026-02-18 10:27:38.256-0500 | EthScheduler-Workers-0 | INFO  | PersistBlockTask | Imported empty block #6,255 / 0 tx / 0 om / 0 (0.0%) gas / (0xfbada67a633ba6f6991d60de27ddec059f616249f266ad9984db763b5a596a94) in 0.002s. Peers: 7
2026-02-18 10:27:43.017-0500 | EthScheduler-Workers-0 | INFO  | PersistBlockTask | Imported empty block #6,256 / 0 tx / 0 om / 0 (0.0%) gas / (0x48ff65697be5d018b67e7ca4fdc454f8939ee1303748e361279baa2fe636882e) in 0.002s. Peers: 7
2026-02-18 10:27:48.011-0500 | EthScheduler-Workers-0 | INFO  | PersistBlockTask | Imported empty block #6,257 / 0 tx / 0 om / 0 (0.0%) gas / (0x6a719f6108cb18865ab6a4bd9902bad9529dddc63bebd86946859b4980cb79e1) in 0.003s. Peers: 7
2026-02-18 10:27:53.020-0500 | EthScheduler-Workers-0 | INFO  | PersistBlockTask | Imported empty block #6,258 / 0 tx / 0 om / 0 (0.0%) gas / (0xd9f11967eb89878d5eecc543a70152676696da788fb4646f540c221b9e507220) in 0.002s. Peers: 7
2026-02-18 10:27:58.017-0500 | EthScheduler-Workers-0 | INFO  | PersistBlockTask | Imported empty block #6,259 / 0 tx / 0 om / 0 (0.0%) gas / (0x1aa3c4f090e345a834a4dbc45154bb1bd5110661f39d579320fca0976d736ae1) in 0.002s. Peers: 7
2026-02-18 10:28:12.266-0500 | EthScheduler-Workers-0 | INFO  | PersistBlockTask | Imported empty block #6,260 / 0 tx / 0 om / 0 (0.0%) gas / (0xecb5c7bd8a2ec8c4a8778cd4ded08c9bb796cfbd046fda53d04730cd611bb934) in 0.002s. Peers: 7
2026-02-18 10:28:17.010-0500 | EthScheduler-Workers-0 | INFO  | PersistBlockTask | Imported empty block #6,261 / 0 tx / 0 om / 0 (0.0%) gas / (0xc8815c2f4952d2713153be982e142ff445ab6e6060c382a4fc6cc2db53ad2a99) in 0.002s. Peers: 7
2026-02-18 10:28:22.011-0500 | EthScheduler-Workers-0 | INFO  | PersistBlockTask | Imported empty block #6,262 / 0 tx / 0 om / 0 (0.0%) gas / (0x26545b86bbff40c11fc4e9b664132ceb5609ce8f38666e5f6724487319a5e3d1) in 0.003s. Peers: 7
2026-02-18 10:28:27.013-0500 | EthScheduler-Workers-0 | INFO  | PersistBlockTask | Imported empty block #6,263 / 0 tx / 0 om / 0 (0.0%) gas / (0x77119cf397532deba40b7fce72cadba9d64c1e6e88650e0c73b904810f0bd9cb) in 0.002s. Peers: 7
