Setting logging level to INFO
2026-02-18 09:50:00.331-0500 | main | INFO  | Besu | Starting Besu
2026-02-18 09:50:00.588-0500 | main | INFO  | Besu | RPC HTTP JSON-RPC config: JsonRpcConfiguration{enabled=true, port=8057, host=0.0.0.0, corsAllowedDomains=[*], hostsAllowlist=[*], rpcApis=[ETH, NET, WEB3, TXPOOL, TRACE], authenticationEnabled=false, authenticationCredentialsFile=null, authenticationPublicKeyFile=null, tlsConfiguration=Optional.empty, httpTimeoutSec=30, maxActiveConnections=80, maxBatchSize=1024}
2026-02-18 09:50:00.590-0500 | main | WARN  | Besu | Forcing --bonsai-limit-trie-logs-enabled=false, since it cannot be enabled with --sync-mode=FULL and --data-storage-format=BONSAI.
2026-02-18 09:50:00.590-0500 | main | INFO  | Besu | Connecting to 0 static nodes.
2026-02-18 09:50:00.598-0500 | main | WARN  | Besu | Forcing price bump for transaction replacement to 0, since min-gas-price is set to 0
2026-02-18 09:50:00.598-0500 | main | WARN  | Besu | Forcing tx-pool-min-gas-price=0, since it cannot be greater than the value of min-gas-price
2026-02-18 09:50:00.609-0500 | main | INFO  | Besu | jemalloc library not found, memory usage may be reduced by installing it
2026-02-18 09:50:00.663-0500 | main | INFO  | Besu | 
####################################################################################################
#                                                                                                  #
# Besu version 25.11.0                                                                             #
#                                                                                                  #
# Configuration:                                                                                   #
# Network: Custom genesis file                                                                     #
# /home/unified/server-UGO-besu/Nodes/Node-FCI-RPC2/../../genesis.json                             #
# Network Id: 12345                                                                                #
# Profile: ENTERPRISE                                                                              #
# Data storage: Bonsai                                                                             #
# Sync mode: Full                                                                                  #
# Sync min peers: 5                                                                                #
# RPC HTTP APIs: ETH,NET,WEB3,TXPOOL,TRACE                                                         #
# RPC HTTP port: 8057                                                                              #
# Using LAYERED transaction pool implementation                                                    #
# Using STACKED worldstate update mode                                                             #
# Opcode optimizations enabled                                                                     #
# Parallel transaction processing enabled                                                          #
# Target Gas Limit: 60M                                                                            #
#                                                                                                  #
# Host:                                                                                            #
# Java: openjdk-java-21                                                                            #
# Maximum heap size: 3.88 GB                                                                       #
# OS: linux-x86_64                                                                                 #
# glibc: 2.39                                                                                      #
# Total memory: 15.49 GB                                                                           #
# CPU cores: 24                                                                                    #
#                                                                                                  #
# Plugin Registration Summary:                                                                     #
# No plugins have been registered.                                                                 #
# TOTAL = 0 of 0 plugins successfully registered.                                                  #
#                                                                                                  #
####################################################################################################
2026-02-18 09:50:00.664-0500 | main | INFO  | Besu | Security Module: localfile
2026-02-18 09:50:00.664-0500 | main | INFO  | VersionMetadata | Lookup version metadata file in data directory: /home/unified/server-UGO-besu/Nodes/Node-FCI-RPC2/data
2026-02-18 09:50:00.697-0500 | main | INFO  | VersionMetadata | Existing version data detected. Besu version 25.11.0
2026-02-18 09:50:00.718-0500 | main | INFO  | Besu | Using the native implementation of alt bn128
2026-02-18 09:50:00.719-0500 | main | INFO  | Besu | Using the Java implementation of modexp
2026-02-18 09:50:00.719-0500 | main | INFO  | Besu | Using the native implementation of the signature algorithm
2026-02-18 09:50:00.721-0500 | main | INFO  | Besu | Using the native implementation of the blake2bf algorithm
2026-02-18 09:50:00.796-0500 | main | INFO  | Besu | Using the native BoringSSL implementation of p256verify
2026-02-18 09:50:00.846-0500 | main | WARN  | Besu | Forcing price bump for transaction replacement to 0, since min-gas-price is set to 0
2026-02-18 09:50:00.848-0500 | main | WARN  | Besu | Forcing tx-pool-min-gas-price=0, since it cannot be greater than the value of min-gas-price
2026-02-18 09:50:00.850-0500 | main | INFO  | KeyPairUtil | Attempting to load public key from /home/unified/server-UGO-besu/Nodes/Node-FCI-RPC2/data/key
2026-02-18 09:50:00.866-0500 | main | INFO  | KeyPairUtil | Loaded public key 0x21869c3d642410704d0547e1b816401a851dadd070dc8e0de921061e4988da7f7434dcfec798868a86f163dc298082338baf851aacf09080183a8ee7f73ce808 from /home/unified/server-UGO-besu/Nodes/Node-FCI-RPC2/data/key
2026-02-18 09:50:00.939-0500 | main | INFO  | ProtocolScheduleBuilder | Protocol schedule created with milestones: [Berlin:0]
2026-02-18 09:50:00.940-0500 | main | INFO  | DatabaseMetadata | Lookup database metadata file in data directory: /home/unified/server-UGO-besu/Nodes/Node-FCI-RPC2/data
2026-02-18 09:50:00.957-0500 | main | INFO  | RocksDBKeyValueStorageFactory | Existing database at /home/unified/server-UGO-besu/Nodes/Node-FCI-RPC2/data. Metadata versionedStorageFormat=BaseVersionedStorageFormat{format=BONSAI, version=3}. Processing WAL...
2026-02-18 09:50:01.251-0500 | main | INFO  | FlatDbStrategyProvider | Flat db mode found FULL
2026-02-18 09:50:01.255-0500 | main | INFO  | FlatDbStrategyProvider | DB mode with code stored using code hash enabled = true
2026-02-18 09:50:01.266-0500 | main | INFO  | FlatDbStrategyProvider | Flat db mode found FULL
2026-02-18 09:50:01.266-0500 | main | INFO  | FlatDbStrategyProvider | DB mode with code stored using code hash enabled = true
2026-02-18 09:50:01.329-0500 | main | INFO  | TransactionPoolFactory | Enabling transaction pool
2026-02-18 09:50:01.342-0500 | main | INFO  | BesuControllerBuilder | QBFT is configured, creating initial sync for BFT
2026-02-18 09:50:01.343-0500 | main | INFO  | BFTPivotSelectorFromPeers | Creating pivot block selector for BFT node
2026-02-18 09:50:01.373-0500 | main | INFO  | RunnerBuilder | Resolved 1 bootnodes.
2026-02-18 09:50:01.381-0500 | main | INFO  | RunnerBuilder | Detecting NAT service.
2026-02-18 09:50:01.558-0500 | main | INFO  | Runner | Starting external services ... 
2026-02-18 09:50:01.558-0500 | main | INFO  | MetricsHttpService | Starting metrics http service on 0.0.0.0:9549
2026-02-18 09:50:01.570-0500 | main | INFO  | JsonRpcHttpService | Starting JSON-RPC service on 0.0.0.0:8057
2026-02-18 09:50:01.644-0500 | vert.x-eventloop-thread-1 | INFO  | JsonRpcHttpService | JSON-RPC service started and listening on 0.0.0.0:8057
2026-02-18 09:50:01.645-0500 | main | INFO  | WebSocketService | Starting Websocket service on 0.0.0.0:8058
2026-02-18 09:50:01.647-0500 | vert.x-eventloop-thread-1 | INFO  | WebSocketService | Websocket service started and listening on 0.0.0.0:8058
2026-02-18 09:50:01.647-0500 | main | INFO  | AutoTransactionLogBloomCachingService | Starting auto transaction log bloom caching service.
2026-02-18 09:50:01.648-0500 | main | INFO  | LogBloomCacheMetadata | Lookup cache metadata file in data directory: /home/unified/server-UGO-besu/Nodes/Node-FCI-RPC2/data/caches
2026-02-18 09:50:01.653-0500 | main | INFO  | Runner | Starting Ethereum main loop ... 
2026-02-18 09:50:01.653-0500 | main | INFO  | NatService | No NAT environment detected so no service could be started
2026-02-18 09:50:01.653-0500 | main | INFO  | NetworkRunner | Starting Network.
2026-02-18 09:50:01.660-0500 | nioEventLoopGroup-2-1 | INFO  | RlpxAgent | P2P RLPx agent started and listening on /[0:0:0:0:0:0:0:0]:30307.
2026-02-18 09:50:01.660-0500 | main | INFO  | PeerDiscoveryAgent | Starting peer discovery agent on host=0.0.0.0, port=30307. IPv6 available.
2026-02-18 09:50:01.668-0500 | vert.x-eventloop-thread-1 | INFO  | VertxPeerDiscoveryAgent | Started peer discovery agent successfully, on effective host=0:0:0:0:0:0:0:0 and port=30307
2026-02-18 09:50:01.669-0500 | vert.x-eventloop-thread-1 | INFO  | PeerDiscoveryAgent | P2P peer discovery agent started and listening on /[0:0:0:0:0:0:0:0]:30307
2026-02-18 09:50:01.690-0500 | vert.x-eventloop-thread-1 | INFO  | PeerDiscoveryAgent | Writing node record to disk. NodeRecord{seq=2, publicKey=0x0221869c3d642410704d0547e1b816401a851dadd070dc8e0de921061e4988da7f, udpAddress=Optional[/0.0.0.0:30307], tcpAddress=Optional[/0.0.0.0:30307], udp6Address=Optional.empty, tcp6Address=Optional.empty, asBase64=-Je4QClrUduOgnyyxtCnPw8iWLKfAaUp-eHyGUad86xqEzZuMxMk-ARr1ZRuwRnt58d_HI3IUFrDmIOWbBO6qFBq4sgCg2V0aMfGhHgXe9aAgmlkgnY0gmlwhAAAAACJc2VjcDI1NmsxoQIhhpw9ZCQQcE0FR-G4FkAahR2t0HDcjg3pIQYeSYjaf4N0Y3CCdmODdWRwgnZj, nodeId=0x9b7a099c15460f44132088a69536ed1cae233a066d5daabc5bae459784d64d4b, customFields={tcp=30307, udp=30307, eth=[[0x78177bd6, 0x]], id=V4, ip=0x00000000, secp256k1=0x0221869c3d642410704d0547e1b816401a851dadd070dc8e0de921061e4988da7f}}
2026-02-18 09:50:01.702-0500 | main | INFO  | DefaultP2PNetwork | Enode URL enode://21869c3d642410704d0547e1b816401a851dadd070dc8e0de921061e4988da7f7434dcfec798868a86f163dc298082338baf851aacf09080183a8ee7f73ce808@0.0.0.0:30307
2026-02-18 09:50:01.702-0500 | main | INFO  | DefaultP2PNetwork | Node address 0x9536ed1cae233a066d5daabc5bae459784d64d4b
2026-02-18 09:50:01.706-0500 | main | INFO  | NetworkRunner | Supported capabilities: [eth/68, eth/69], [istanbul/100], [snap/1]
2026-02-18 09:50:01.707-0500 | main | INFO  | DefaultSynchronizer | Starting synchronizer.
2026-02-18 09:50:01.709-0500 | main | INFO  | TransactionPoolFactory | Enabling transaction handling following initial sync
2026-02-18 09:50:01.709-0500 | main | INFO  | BftMiningCoordinator | Starting BFT mining coordinator following initial sync
2026-02-18 09:50:01.849-0500 | main | INFO  | FullSyncDownloader | Starting full sync.
2026-02-18 09:50:01.850-0500 | main | INFO  | FullSyncTargetManager | Unable to find sync target. Waiting for 5 peers minimum. Currently checking 0 peers for usefulness
2026-02-18 09:50:01.854-0500 | main | INFO  | Runner | Ethereum main loop is up.
2026-02-18 09:50:05.422-0500 | nioEventLoopGroup-3-3 | INFO  | BlockPropagationManager | Saved announced block for future import 5932 (0x6dbe9c6fab3c6c32492b65d8d73eab10f22f6eea9f0a23457e5d7a431b34f9ff) - 1 saved block(s)
2026-02-18 09:50:05.422-0500 | nioEventLoopGroup-3-3 | INFO  | BlockPropagationManager | Retrieving parent 0x886269a9d9bfae9537db13ba6ea7be67add0ac59c72b4ff8d731d9856d9ce71f of block 5932 (0x6dbe9c6fab3c6c32492b65d8d73eab10f22f6eea9f0a23457e5d7a431b34f9ff)
2026-02-18 09:50:05.436-0500 | EthScheduler-Services-0 | INFO  | BlockPropagationManager | Saved announced block for future import 5931 (0x886269a9d9bfae9537db13ba6ea7be67add0ac59c72b4ff8d731d9856d9ce71f) - 2 saved block(s)
2026-02-18 09:50:05.436-0500 | EthScheduler-Services-0 | INFO  | BlockPropagationManager | Retrieving parent 0x45d5456bde1cce634d70b301548ade6bb18ce6b45802b3f626b4a8c030ba9335 of block 5931 (0x886269a9d9bfae9537db13ba6ea7be67add0ac59c72b4ff8d731d9856d9ce71f)
2026-02-18 09:50:05.442-0500 | EthScheduler-Services-1 | INFO  | BlockPropagationManager | Saved announced block for future import 5930 (0x45d5456bde1cce634d70b301548ade6bb18ce6b45802b3f626b4a8c030ba9335) - 3 saved block(s)
2026-02-18 09:50:05.442-0500 | EthScheduler-Services-1 | INFO  | BlockPropagationManager | Retrieving parent 0xf74cbd46776e3ad94f226ca41ac6985c855c701dcab637e871826d07e94ac3ac of block 5930 (0x45d5456bde1cce634d70b301548ade6bb18ce6b45802b3f626b4a8c030ba9335)
2026-02-18 09:50:05.470-0500 | EthScheduler-Workers-0 | INFO  | PersistBlockTask | Imported empty block #5,929 / 0 tx / 0 om / 0 (0.0%) gas / (0xf74cbd46776e3ad94f226ca41ac6985c855c701dcab637e871826d07e94ac3ac) in 0.019s. Peers: 2
2026-02-18 09:50:05.478-0500 | EthScheduler-Workers-0 | INFO  | PersistBlockTask | Imported empty block #5,930 / 0 tx / 0 om / 0 (0.0%) gas / (0x45d5456bde1cce634d70b301548ade6bb18ce6b45802b3f626b4a8c030ba9335) in 0.005s. Peers: 2
2026-02-18 09:50:05.479-0500 | EthScheduler-Workers-0 | INFO  | BlockPropagationManager | Imported 1 pending blocks: [5930]
2026-02-18 09:50:05.482-0500 | EthScheduler-Workers-0 | INFO  | PersistBlockTask | Imported empty block #5,931 / 0 tx / 0 om / 0 (0.0%) gas / (0x886269a9d9bfae9537db13ba6ea7be67add0ac59c72b4ff8d731d9856d9ce71f) in 0.003s. Peers: 2
2026-02-18 09:50:05.482-0500 | EthScheduler-Workers-0 | INFO  | BlockPropagationManager | Imported 1 pending blocks: [5931]
2026-02-18 09:50:05.483-0500 | EthScheduler-Workers-0 | INFO  | PersistBlockTask | Block 5931 (0x886269a9d9bfae9537db13ba6ea7be67add0ac59c72b4ff8d731d9856d9ce71f) is already imported
2026-02-18 09:50:05.486-0500 | EthScheduler-Workers-0 | INFO  | PersistBlockTask | Imported empty block #5,932 / 0 tx / 0 om / 0 (0.0%) gas / (0x6dbe9c6fab3c6c32492b65d8d73eab10f22f6eea9f0a23457e5d7a431b34f9ff) in 0.002s. Peers: 2
2026-02-18 09:50:05.486-0500 | EthScheduler-Workers-0 | INFO  | BlockPropagationManager | Imported 1 pending blocks: [5932]
2026-02-18 09:50:10.033-0500 | EthScheduler-Workers-0 | INFO  | PersistBlockTask | Imported empty block #5,933 / 0 tx / 0 om / 0 (0.0%) gas / (0xcdd84aa154d39928d5e63b95c9f556d7e3ab5208ca757884caf6424f08f0e0a8) in 0.004s. Peers: 2
2026-02-18 09:50:15.034-0500 | EthScheduler-Workers-0 | INFO  | PersistBlockTask | Imported empty block #5,934 / 0 tx / 0 om / 0 (0.0%) gas / (0xc1a3a2362bc40827698cb13a8377683e714629723fbdf0d5753be3e7818b6452) in 0.006s. Peers: 3
2026-02-18 09:50:20.028-0500 | EthScheduler-Workers-0 | INFO  | PersistBlockTask | Imported empty block #5,935 / 0 tx / 0 om / 0 (0.0%) gas / (0x02e76e8a83d8dc48c1695c6771dd0174f55fa86a62421ccb95223eef02d26958) in 0.003s. Peers: 4
2026-02-18 09:50:34.389-0500 | EthScheduler-Workers-0 | INFO  | PersistBlockTask | Imported empty block #5,936 / 0 tx / 0 om / 0 (0.0%) gas / (0xb3e0132ab45ae4adf80da835c03327203fca3edc28e02ab5a44f30585e341c52) in 0.005s. Peers: 5
2026-02-18 09:50:39.036-0500 | EthScheduler-Workers-0 | INFO  | PersistBlockTask | Imported empty block #5,937 / 0 tx / 0 om / 0 (0.0%) gas / (0xc1d96b3b0d32f9e44e833a2fc901d6e3869eda87f74ec38208101a7581de7b1f) in 0.009s. Peers: 6
2026-02-18 09:50:44.030-0500 | EthScheduler-Workers-0 | INFO  | PersistBlockTask | Imported empty block #5,938 / 0 tx / 0 om / 0 (0.0%) gas / (0x815ff3269f519e3971e59b94617624c4ef9441ea18b97e951e21e3195cddb640) in 0.004s. Peers: 6
2026-02-18 09:50:49.027-0500 | EthScheduler-Workers-0 | INFO  | PersistBlockTask | Imported empty block #5,939 / 0 tx / 0 om / 0 (0.0%) gas / (0xa61b867acea7ec1d53d4d905dc6f9b03ebbddebef4f202d57eb79c9d0de2882a) in 0.004s. Peers: 6
2026-02-18 09:50:54.023-0500 | EthScheduler-Workers-0 | INFO  | PersistBlockTask | Imported empty block #5,940 / 0 tx / 0 om / 0 (0.0%) gas / (0x816f5b025066dd362d3a1d77a7fd6b84ca05ac028c45b0a43c48bbe024184aeb) in 0.005s. Peers: 6
2026-02-18 09:51:08.375-0500 | EthScheduler-Workers-0 | INFO  | PersistBlockTask | Imported empty block #5,941 / 0 tx / 0 om / 0 (0.0%) gas / (0x358a6f0d3851980e06cf165cd93ce0ff9e0c61f50f00066425e78ffd5338faa2) in 0.006s. Peers: 7
2026-02-18 09:51:13.019-0500 | EthScheduler-Workers-0 | INFO  | PersistBlockTask | Imported empty block #5,942 / 0 tx / 0 om / 0 (0.0%) gas / (0xe243543b05c6d3678d99fce00f292d3ee7186802bf0a4786dd286350d06f32e6) in 0.002s. Peers: 7
2026-02-18 09:51:18.028-0500 | EthScheduler-Workers-0 | INFO  | PersistBlockTask | Imported empty block #5,943 / 0 tx / 0 om / 0 (0.0%) gas / (0x8f6b32cf7d09f2839ba97ca230922a48525e4ceefefdc20448cb3df05774d2dd) in 0.005s. Peers: 7
2026-02-18 09:51:23.025-0500 | EthScheduler-Workers-0 | INFO  | PersistBlockTask | Imported empty block #5,944 / 0 tx / 0 om / 0 (0.0%) gas / (0xe0706806d2bd8aaf442d42d47ceb148e64a5e1f3766b6f15bbf0c0567d6099be) in 0.004s. Peers: 7
2026-02-18 09:51:37.297-0500 | EthScheduler-Workers-0 | INFO  | PersistBlockTask | Imported empty block #5,945 / 0 tx / 0 om / 0 (0.0%) gas / (0xcc4c98c74155c051b16d4d9ad4f8d598495907105031546b330242793ad318a1) in 0.004s. Peers: 7
2026-02-18 09:51:42.027-0500 | EthScheduler-Workers-0 | INFO  | PersistBlockTask | Imported empty block #5,946 / 0 tx / 0 om / 0 (0.0%) gas / (0x0eedd7843205769c5dd33a5447a0739988b568ff3dc3afb7c0ecdac6cf4beb90) in 0.005s. Peers: 7
2026-02-18 09:51:47.026-0500 | EthScheduler-Workers-0 | INFO  | PersistBlockTask | Imported empty block #5,947 / 0 tx / 0 om / 0 (0.0%) gas / (0xf9a8d5a1b17b0db29cf238a8c1ed7cc9aaa229860d8c67eb5de7bae264972c29) in 0.006s. Peers: 7
2026-02-18 09:51:52.020-0500 | EthScheduler-Workers-0 | INFO  | PersistBlockTask | Imported empty block #5,948 / 0 tx / 0 om / 0 (0.0%) gas / (0x53474d9701a986617ee52b9b7f4e305588c740151d57ccde8cf8c4671db758aa) in 0.004s. Peers: 7
2026-02-18 09:51:57.021-0500 | EthScheduler-Workers-0 | INFO  | PersistBlockTask | Imported empty block #5,949 / 0 tx / 0 om / 0 (0.0%) gas / (0x4064a3b0b06376276aad7aca42b467c3de016a4a7b6f21f45f80fa6bba83a45b) in 0.004s. Peers: 7
2026-02-18 09:52:11.333-0500 | EthScheduler-Workers-0 | INFO  | PersistBlockTask | Imported empty block #5,950 / 0 tx / 0 om / 0 (0.0%) gas / (0x82c3a912702822316e6791ac5ada426e84687045ec423e7f4820be7283128e86) in 0.005s. Peers: 7
2026-02-18 09:52:16.018-0500 | EthScheduler-Workers-0 | INFO  | PersistBlockTask | Imported empty block #5,951 / 0 tx / 0 om / 0 (0.0%) gas / (0x099750c16d69419500bab750eb3fe277c9abb0cbdc4fb439704a1e83efafa697) in 0.004s. Peers: 7
2026-02-18 09:52:21.019-0500 | EthScheduler-Workers-0 | INFO  | PersistBlockTask | Imported empty block #5,952 / 0 tx / 0 om / 0 (0.0%) gas / (0x4f80d51b4d3c17604f8fdb92a9fc3d4f1dd7527d7070d352b413d905628e3ab4) in 0.004s. Peers: 7
2026-02-18 09:52:26.030-0500 | EthScheduler-Workers-0 | INFO  | PersistBlockTask | Imported empty block #5,953 / 0 tx / 0 om / 0 (0.0%) gas / (0xc1badbe5d98463bf682d18bda5a774734aab2df0964e36f40e2c96b082c8959f) in 0.006s. Peers: 7
2026-02-18 09:52:40.334-0500 | EthScheduler-Workers-0 | INFO  | PersistBlockTask | Imported empty block #5,954 / 0 tx / 0 om / 0 (0.0%) gas / (0xb05c9744babe059e969a9a65c7bbecc36145660d32564e54b2fe93d1ae77ec89) in 0.004s. Peers: 7
2026-02-18 09:52:45.022-0500 | EthScheduler-Workers-0 | INFO  | PersistBlockTask | Imported empty block #5,955 / 0 tx / 0 om / 0 (0.0%) gas / (0x2ae61217cd41dfe7e0b742de74aff8538d6312555ad9236902c75c667a99becd) in 0.004s. Peers: 7
2026-02-18 09:52:50.029-0500 | EthScheduler-Workers-0 | INFO  | PersistBlockTask | Imported empty block #5,956 / 0 tx / 0 om / 0 (0.0%) gas / (0x7e44d35527cc31d7d6af8a3ff033f8e553f01dbe83df81bd06bc2be43e848eb4) in 0.005s. Peers: 7
2026-02-18 09:52:55.024-0500 | EthScheduler-Workers-0 | INFO  | PersistBlockTask | Imported empty block #5,957 / 0 tx / 0 om / 0 (0.0%) gas / (0x5cab7a6eaa089e868cc2fd9e88efd4f4bfa8363e560293ba2cd5c19135ec88f5) in 0.004s. Peers: 7
2026-02-18 09:53:00.027-0500 | EthScheduler-Workers-0 | INFO  | PersistBlockTask | Imported empty block #5,958 / 0 tx / 0 om / 0 (0.0%) gas / (0xe5ffec0a972f0ab34ea9a0b8c83899034b6284d357856ea337b7ecb6cb02cbf3) in 0.006s. Peers: 7
2026-02-18 09:53:14.379-0500 | EthScheduler-Workers-0 | INFO  | PersistBlockTask | Imported empty block #5,959 / 0 tx / 0 om / 0 (0.0%) gas / (0xb7efdac8133be127dad13a86cac3b75ddd8b7d8ffb61c4ba98cf977090dbfd0c) in 0.007s. Peers: 7
2026-02-18 09:53:19.021-0500 | EthScheduler-Workers-0 | INFO  | PersistBlockTask | Imported empty block #5,960 / 0 tx / 0 om / 0 (0.0%) gas / (0xf2b934c414d61738a4bb2d63692b01ca01801d4c17f169027a4c8248a65cc5d1) in 0.004s. Peers: 7
2026-02-18 09:53:24.023-0500 | EthScheduler-Workers-0 | INFO  | PersistBlockTask | Imported empty block #5,961 / 0 tx / 0 om / 0 (0.0%) gas / (0x078efdb17d1a049b27840d24ad946e96e15b648910b6c21f4bc97d21e3e733af) in 0.004s. Peers: 7
2026-02-18 09:53:29.020-0500 | EthScheduler-Workers-0 | INFO  | PersistBlockTask | Imported empty block #5,962 / 0 tx / 0 om / 0 (0.0%) gas / (0xd5a09844a8881af77b0f42a3dc67cbdb49d17295970a03dba22bed35174afe3d) in 0.002s. Peers: 7
2026-02-18 09:53:34.030-0500 | EthScheduler-Workers-0 | INFO  | PersistBlockTask | Imported empty block #5,963 / 0 tx / 0 om / 0 (0.0%) gas / (0x1ec4c9cb1981905576099b5781546c47469a2c6731ebda1002728686caa0b639) in 0.005s. Peers: 7
2026-02-18 09:53:48.379-0500 | EthScheduler-Workers-0 | INFO  | PersistBlockTask | Imported empty block #5,964 / 0 tx / 0 om / 0 (0.0%) gas / (0x017988ee588eba4f172b2fddf26b48fc98b25fc2391ccea8ad88d94f67156aec) in 0.004s. Peers: 7
2026-02-18 09:53:53.019-0500 | EthScheduler-Workers-0 | INFO  | PersistBlockTask | Imported empty block #5,965 / 0 tx / 0 om / 0 (0.0%) gas / (0x2135ec14db604f96c0d63cd65bb14e4ccc2bbe0941d2c774e8ef9e1119e33f7b) in 0.004s. Peers: 7
2026-02-18 09:53:58.021-0500 | EthScheduler-Workers-0 | INFO  | PersistBlockTask | Imported empty block #5,966 / 0 tx / 0 om / 0 (0.0%) gas / (0xfb96782431c5ced96be18f22fd50fdcf03acb912d570b80be0fe893600a25dde) in 0.003s. Peers: 7
2026-02-18 09:54:03.020-0500 | EthScheduler-Workers-0 | INFO  | PersistBlockTask | Imported empty block #5,967 / 0 tx / 0 om / 0 (0.0%) gas / (0x453ae0236c0b964517a87ce9b3e4f987176ea0a65a56a7ffdad1f9df8c36b2f6) in 0.004s. Peers: 7
2026-02-18 09:54:17.315-0500 | EthScheduler-Workers-0 | INFO  | PersistBlockTask | Imported empty block #5,968 / 0 tx / 0 om / 0 (0.0%) gas / (0xa558ef0272c90177d3a62c4534a9c16438c18f9fcc343a8cf22a026c7879e662) in 0.006s. Peers: 7
2026-02-18 09:54:22.027-0500 | EthScheduler-Workers-0 | INFO  | PersistBlockTask | Imported empty block #5,969 / 0 tx / 0 om / 0 (0.0%) gas / (0xc2deb9df146ba85dc8e33e7747cdedef44aaa9a633d8a4d79c14f406de180e19) in 0.005s. Peers: 7
2026-02-18 09:54:27.026-0500 | EthScheduler-Workers-0 | INFO  | PersistBlockTask | Imported empty block #5,970 / 0 tx / 0 om / 0 (0.0%) gas / (0xe2ef1d0baac0854cca94857d4bf7b6c94bfbaff216e8f01a0623b3395c8d6015) in 0.002s. Peers: 7
2026-02-18 09:54:32.027-0500 | EthScheduler-Workers-0 | INFO  | PersistBlockTask | Imported empty block #5,971 / 0 tx / 0 om / 0 (0.0%) gas / (0x2d098f977082fe718947f36277d1a8e545cdfe82dc42160b3e3f91d2f71fee1c) in 0.005s. Peers: 7
2026-02-18 09:54:37.017-0500 | EthScheduler-Workers-0 | INFO  | PersistBlockTask | Imported empty block #5,972 / 0 tx / 0 om / 0 (0.0%) gas / (0x9a85bd9fd00fd54473d922957b01798dbb6a5a2c4e0003397de98540b02d5ee3) in 0.004s. Peers: 7
2026-02-18 09:54:51.342-0500 | EthScheduler-Workers-0 | INFO  | PersistBlockTask | Imported empty block #5,973 / 0 tx / 0 om / 0 (0.0%) gas / (0xbe7ea629ff94eee5a5ef1da79bf099756eaa54e4c7ea0e552c4864c4b1061f19) in 0.005s. Peers: 7
2026-02-18 09:54:56.018-0500 | EthScheduler-Workers-0 | INFO  | PersistBlockTask | Imported empty block #5,974 / 0 tx / 0 om / 0 (0.0%) gas / (0x5bfa2d817157b49b89424bf52c4c90a7f7c0944ee20d1ed5b1f9a97bb4799842) in 0.003s. Peers: 7
2026-02-18 09:55:01.017-0500 | EthScheduler-Workers-0 | INFO  | PersistBlockTask | Imported empty block #5,975 / 0 tx / 0 om / 0 (0.0%) gas / (0xd91b6ea7c6bb3ef3879a6e89f6a25474ccf90ffd80eaf27f3c0b8a8175eae862) in 0.003s. Peers: 7
2026-02-18 09:55:06.022-0500 | EthScheduler-Workers-0 | INFO  | PersistBlockTask | Imported empty block #5,976 / 0 tx / 0 om / 0 (0.0%) gas / (0x31a9fc772730af8c17b9460661f19e1a0c9757d3e598568f1ac22c2d2704a658) in 0.004s. Peers: 7
2026-02-18 09:55:20.351-0500 | EthScheduler-Workers-0 | INFO  | PersistBlockTask | Imported empty block #5,977 / 0 tx / 0 om / 0 (0.0%) gas / (0xfd93c28af6f1780be1e550fe980cd538ebbb4842f9bb43670b3a32c65956bf46) in 0.002s. Peers: 7
2026-02-18 09:55:25.019-0500 | EthScheduler-Workers-0 | INFO  | PersistBlockTask | Imported empty block #5,978 / 0 tx / 0 om / 0 (0.0%) gas / (0xb3254b4ee11c26fcf1e52a184b1c7f26ea17d11e942b033f52018b0d31b83333) in 0.003s. Peers: 7
2026-02-18 09:55:30.017-0500 | EthScheduler-Workers-0 | INFO  | PersistBlockTask | Imported empty block #5,979 / 0 tx / 0 om / 0 (0.0%) gas / (0xa56ef1c30a4fcb00bfdc56ac2dcc631835dfef9ae35a0105bef128b34b82c34d) in 0.003s. Peers: 7
2026-02-18 09:55:35.030-0500 | EthScheduler-Workers-0 | INFO  | PersistBlockTask | Imported empty block #5,980 / 0 tx / 0 om / 0 (0.0%) gas / (0x7198a53e812b8c13e222663d2f8573dff68efc1c9489442825c4791b69cf1307) in 0.005s. Peers: 7
2026-02-18 09:55:40.021-0500 | EthScheduler-Workers-0 | INFO  | PersistBlockTask | Imported empty block #5,981 / 0 tx / 0 om / 0 (0.0%) gas / (0xd28ae17f7cad749f023fef79058419857c0231d5b163b3a879eb934cf77092af) in 0.004s. Peers: 7
2026-02-18 09:55:54.341-0500 | EthScheduler-Workers-0 | INFO  | PersistBlockTask | Imported empty block #5,982 / 0 tx / 0 om / 0 (0.0%) gas / (0x01e681be1a57aa780e17e859bac7c285d0cc6e96ece79c54aedd9b05ff05f7a7) in 0.006s. Peers: 7
2026-02-18 09:55:59.027-0500 | EthScheduler-Workers-0 | INFO  | PersistBlockTask | Imported empty block #5,983 / 0 tx / 0 om / 0 (0.0%) gas / (0x6c16f5c94ad7973bf726f3d50d443532266e57dc1e20531cf031506c2621873d) in 0.006s. Peers: 7
2026-02-18 09:56:04.022-0500 | EthScheduler-Workers-0 | INFO  | PersistBlockTask | Imported empty block #5,984 / 0 tx / 0 om / 0 (0.0%) gas / (0x84ce62a61dc772f9bea5896225d0c7495eddb4b43122100c63274fd323c3930f) in 0.003s. Peers: 7
2026-02-18 09:56:09.022-0500 | EthScheduler-Workers-0 | INFO  | PersistBlockTask | Imported empty block #5,985 / 0 tx / 0 om / 0 (0.0%) gas / (0x2f3b1ebd62430dba4c0b5ac87a031fb737440cacaf3594331ebc9126d9cc9830) in 0.005s. Peers: 7
2026-02-18 09:56:23.353-0500 | EthScheduler-Workers-0 | INFO  | PersistBlockTask | Imported empty block #5,986 / 0 tx / 0 om / 0 (0.0%) gas / (0x8cbdc1dd1177ed4e9089973b45067a93d7d733bba9b529b222cab2bb768b73cc) in 0.003s. Peers: 7
2026-02-18 09:56:28.020-0500 | EthScheduler-Workers-0 | INFO  | PersistBlockTask | Imported empty block #5,987 / 0 tx / 0 om / 0 (0.0%) gas / (0x79f344344ceefc1dd459d285c74ff1cac83221b89c739c13f34682e7d0ebd069) in 0.006s. Peers: 7
2026-02-18 09:56:33.019-0500 | EthScheduler-Workers-0 | INFO  | PersistBlockTask | Imported empty block #5,988 / 0 tx / 0 om / 0 (0.0%) gas / (0x30c86b8224cddef1ada7d19851817d318af0b704ee149903caed28ae30145329) in 0.005s. Peers: 7
2026-02-18 09:56:38.021-0500 | EthScheduler-Workers-0 | INFO  | PersistBlockTask | Imported empty block #5,989 / 0 tx / 0 om / 0 (0.0%) gas / (0x79c7576da54d4631293722b18b15e90eeb6bab6d77c217173c98dddf83fd2d96) in 0.004s. Peers: 7
2026-02-18 09:56:43.020-0500 | EthScheduler-Workers-0 | INFO  | PersistBlockTask | Imported empty block #5,990 / 0 tx / 0 om / 0 (0.0%) gas / (0x0125a96bd1246e10c06390a8242edae86220e6664777edbb8c2a2d9edcbb66fc) in 0.003s. Peers: 7
2026-02-18 09:56:57.352-0500 | EthScheduler-Workers-0 | INFO  | PersistBlockTask | Imported empty block #5,991 / 0 tx / 0 om / 0 (0.0%) gas / (0xe9beafd04cbfbdef48a6e89b6ef264e67cecd80c5b0d48142e7c2827efeb256c) in 0.006s. Peers: 7
2026-02-18 09:57:02.025-0500 | EthScheduler-Workers-0 | INFO  | PersistBlockTask | Imported empty block #5,992 / 0 tx / 0 om / 0 (0.0%) gas / (0xf2ca32a10b4442828ae6b9d156727b1f0e1df87a6d600de6486071e52967002f) in 0.004s. Peers: 7
2026-02-18 09:57:07.017-0500 | EthScheduler-Workers-0 | INFO  | PersistBlockTask | Imported empty block #5,993 / 0 tx / 0 om / 0 (0.0%) gas / (0x915b59823011dfbfe9ade9c43bf2b5149d6dd130df1a4301c88e5284605571e6) in 0.003s. Peers: 7
2026-02-18 09:57:12.014-0500 | EthScheduler-Workers-0 | INFO  | PersistBlockTask | Imported empty block #5,994 / 0 tx / 0 om / 0 (0.0%) gas / (0xa74b9609f149459b49c9eb61b2d85aa63056e386904e1539e9bc5bf61fdce51e) in 0.003s. Peers: 7
2026-02-18 09:57:26.341-0500 | EthScheduler-Workers-0 | INFO  | PersistBlockTask | Imported empty block #5,995 / 0 tx / 0 om / 0 (0.0%) gas / (0xd112023fffb8ccc00093c7eda7b1b30d02723ed11fb1c7340b48b359d08f32cb) in 0.002s. Peers: 7
2026-02-18 09:57:31.013-0500 | EthScheduler-Workers-0 | INFO  | PersistBlockTask | Imported empty block #5,996 / 0 tx / 0 om / 0 (0.0%) gas / (0xbe398743a228adc631a9337f653065420bac1919283add2db6579684eb18c49c) in 0.003s. Peers: 7
2026-02-18 09:57:36.015-0500 | EthScheduler-Workers-0 | INFO  | PersistBlockTask | Imported empty block #5,997 / 0 tx / 0 om / 0 (0.0%) gas / (0xa42dd6c437f1a0bba844be8a471c7521b38e55bc8ddcc33cf5a35a9d4415fda6) in 0.002s. Peers: 7
2026-02-18 09:57:41.019-0500 | EthScheduler-Workers-0 | INFO  | PersistBlockTask | Imported empty block #5,998 / 0 tx / 0 om / 0 (0.0%) gas / (0x5676b558bdc6fae7823ab996e0ad3f87023ccae533bef48031979ad651815c8c) in 0.002s. Peers: 7
2026-02-18 09:57:46.014-0500 | EthScheduler-Workers-0 | INFO  | PersistBlockTask | Imported empty block #5,999 / 0 tx / 0 om / 0 (0.0%) gas / (0xd1d49af8621306d0e83e7ccbf931378b1d063be133daab987829953b67502a4e) in 0.003s. Peers: 7
2026-02-18 09:58:00.343-0500 | EthScheduler-Workers-0 | INFO  | PersistBlockTask | Imported empty block #6,000 / 0 tx / 0 om / 0 (0.0%) gas / (0xa86f207d3f820807c89d2e4ad910afd6817b05e2ae10d6d2cbf58f94d00f472a) in 0.004s. Peers: 7
2026-02-18 09:58:05.020-0500 | EthScheduler-Workers-0 | INFO  | PersistBlockTask | Imported empty block #6,001 / 0 tx / 0 om / 0 (0.0%) gas / (0x26fdcbe7e05455b4c8e4162f2aa3450d080dadaf855f14d94ffeeaf55fc27253) in 0.003s. Peers: 7
2026-02-18 09:58:10.021-0500 | EthScheduler-Workers-0 | INFO  | PersistBlockTask | Imported empty block #6,002 / 0 tx / 0 om / 0 (0.0%) gas / (0xb4fdae893b12ba4f4a817392e8c22e4e295857483d07d68a43c63ce50b22978a) in 0.004s. Peers: 7
2026-02-18 09:58:15.012-0500 | EthScheduler-Workers-0 | INFO  | PersistBlockTask | Imported empty block #6,003 / 0 tx / 0 om / 0 (0.0%) gas / (0xbdfe96509c7b7883bdc80baef4a12a8c679a6c5c3c5bc54de6b00ed5e9e9867e) in 0.002s. Peers: 7
2026-02-18 09:58:29.342-0500 | EthScheduler-Workers-0 | INFO  | PersistBlockTask | Imported empty block #6,004 / 0 tx / 0 om / 0 (0.0%) gas / (0x30d7254f876e266bb71d2e8e3f6ecbf0ff422a52e5abd6233f1f8bedb081ab67) in 0.005s. Peers: 7
2026-02-18 09:58:34.018-0500 | EthScheduler-Workers-0 | INFO  | PersistBlockTask | Imported empty block #6,005 / 0 tx / 0 om / 0 (0.0%) gas / (0xe5c48dc0e143bfa9aa392cac33a3d8fa28ede8b4392c278625f200130fa52fa2) in 0.004s. Peers: 7
2026-02-18 09:58:39.020-0500 | EthScheduler-Workers-0 | INFO  | PersistBlockTask | Imported empty block #6,006 / 0 tx / 0 om / 0 (0.0%) gas / (0x03ae2249fecf0b751c2ff51108448f124c63f107b80237b9c7e0b66b6e4e0b51) in 0.005s. Peers: 7
2026-02-18 09:58:44.018-0500 | EthScheduler-Workers-0 | INFO  | PersistBlockTask | Imported empty block #6,007 / 0 tx / 0 om / 0 (0.0%) gas / (0x14bcebec6238361da07360c50355c7716bbf75850b20c6eeb0cb751f2ea83b64) in 0.002s. Peers: 7
2026-02-18 09:58:49.020-0500 | EthScheduler-Workers-0 | INFO  | PersistBlockTask | Imported empty block #6,008 / 0 tx / 0 om / 0 (0.0%) gas / (0x95c83e30700120542f65483b4d62ad66cf210bc56dc6f7079ce752e7bdf22fb3) in 0.004s. Peers: 7
2026-02-18 09:59:03.322-0500 | EthScheduler-Workers-0 | INFO  | PersistBlockTask | Imported empty block #6,009 / 0 tx / 0 om / 0 (0.0%) gas / (0x7bf7d8f77d5ecfe2e6ebb8ceafd94773e11231e697242e89cb5f4f2ce735623c) in 0.003s. Peers: 7
2026-02-18 09:59:08.016-0500 | EthScheduler-Workers-0 | INFO  | PersistBlockTask | Imported empty block #6,010 / 0 tx / 0 om / 0 (0.0%) gas / (0x688259b204321aef081b7437336f468e3da73f24f97a803b8e4aba1c82eced0e) in 0.003s. Peers: 7
2026-02-18 09:59:13.015-0500 | EthScheduler-Workers-0 | INFO  | PersistBlockTask | Imported empty block #6,011 / 0 tx / 0 om / 0 (0.0%) gas / (0xa6c7f47212ea1ee93e35814d4c72f3f80b1b1b1dc01442a698b4137a14954504) in 0.003s. Peers: 7
2026-02-18 09:59:18.017-0500 | EthScheduler-Workers-0 | INFO  | PersistBlockTask | Imported empty block #6,012 / 0 tx / 0 om / 0 (0.0%) gas / (0x1d684ee2663a0b5010642ab4b80324569578a9fb38df47e5ba3248f60a59cf0e) in 0.003s. Peers: 7
2026-02-18 09:59:32.296-0500 | EthScheduler-Workers-0 | INFO  | PersistBlockTask | Imported empty block #6,013 / 0 tx / 0 om / 0 (0.0%) gas / (0xeaf890898756014f8a1a868191c532ac2ac9a4e143a822264f0748112d9f2201) in 0.006s. Peers: 7
2026-02-18 09:59:37.454-0500 | EthScheduler-Workers-0 | INFO  | PersistBlockTask | Imported block #6,014 / 1 tx / 0 om / 2,123,233 (7.1%) gas / (0xa6715c304b144bad15f770fbf9d7fc91079fdcd954a55679368e8a582bf1e5d0) in 0.217s. Peers: 7
2026-02-18 09:59:42.021-0500 | EthScheduler-Workers-0 | INFO  | PersistBlockTask | Imported empty block #6,015 / 0 tx / 0 om / 0 (0.0%) gas / (0x909158bc63bdfa3fccd4a0db3d972e4383fba4bf597e6a5c967bbe95c164edbb) in 0.005s. Peers: 7
2026-02-18 09:59:47.018-0500 | EthScheduler-Workers-0 | INFO  | PersistBlockTask | Imported empty block #6,016 / 0 tx / 0 om / 0 (0.0%) gas / (0x191fa8b55ce9ea09df6e8ef9b93a30d3b5ecb762ba4a9b6e5756b99eebd24eab) in 0.002s. Peers: 7
2026-02-18 09:59:52.015-0500 | EthScheduler-Workers-0 | INFO  | PersistBlockTask | Imported empty block #6,017 / 0 tx / 0 om / 0 (0.0%) gas / (0x0e2d1bea1d3dc5f50ed76d53943d736803427f77b58caf06b97b0e4a5023f843) in 0.002s. Peers: 7
2026-02-18 10:00:06.295-0500 | EthScheduler-Workers-0 | INFO  | PersistBlockTask | Imported empty block #6,018 / 0 tx / 0 om / 0 (0.0%) gas / (0x10b9523460236692ba941937397c9bbc791b3e4afa82281b1899824208887fdc) in 0.003s. Peers: 7
2026-02-18 10:00:11.016-0500 | EthScheduler-Workers-0 | INFO  | PersistBlockTask | Imported empty block #6,019 / 0 tx / 0 om / 0 (0.0%) gas / (0x27e8754d86259dd0a275e474d29b0a0486baffe4e0323a3d9c86b9ac9471ff2e) in 0.003s. Peers: 7
2026-02-18 10:00:16.014-0500 | EthScheduler-Workers-0 | INFO  | PersistBlockTask | Imported empty block #6,020 / 0 tx / 0 om / 0 (0.0%) gas / (0x6edc3832fa9715c54ec6d4c3c1fbd2120e137571ea3abfd2b35f33e1aeb279d1) in 0.003s. Peers: 7
2026-02-18 10:00:21.017-0500 | EthScheduler-Workers-0 | INFO  | PersistBlockTask | Imported empty block #6,021 / 0 tx / 0 om / 0 (0.0%) gas / (0x166d31d905ee3b5704c5e3f69a8979e14ab6194b18d4f4646993267777af9b02) in 0.002s. Peers: 7
2026-02-18 10:00:35.310-0500 | EthScheduler-Workers-0 | INFO  | PersistBlockTask | Imported empty block #6,022 / 0 tx / 0 om / 0 (0.0%) gas / (0xe7c614de5a725b3a2f7c28ff5e488452fc30bdbb95961384542b1451f188201e) in 0.003s. Peers: 7
2026-02-18 10:00:40.013-0500 | EthScheduler-Workers-0 | INFO  | PersistBlockTask | Imported empty block #6,023 / 0 tx / 0 om / 0 (0.0%) gas / (0x74a21adf057e761ccc1bc165db948165384bef650aca3b125b42a41e264bbe97) in 0.002s. Peers: 7
2026-02-18 10:00:45.015-0500 | EthScheduler-Workers-0 | INFO  | PersistBlockTask | Imported empty block #6,024 / 0 tx / 0 om / 0 (0.0%) gas / (0xddb3a18049dfb6751cffe136fa6ddd26ebe1f4b95d2f7bffa86b054272ffd8f5) in 0.003s. Peers: 7
2026-02-18 10:00:50.015-0500 | EthScheduler-Workers-0 | INFO  | PersistBlockTask | Imported empty block #6,025 / 0 tx / 0 om / 0 (0.0%) gas / (0x3c3c826b41aab04ddb0ce110708005b31dfbd79e23ac29b88f63665618cb9836) in 0.003s. Peers: 7
2026-02-18 10:00:55.022-0500 | EthScheduler-Workers-0 | INFO  | PersistBlockTask | Imported empty block #6,026 / 0 tx / 0 om / 0 (0.0%) gas / (0x8a9cd0e4edad720aa82a1476e8aa5139b5c952a7c575e2534e912961e3e6feed) in 0.004s. Peers: 7
2026-02-18 10:01:09.306-0500 | EthScheduler-Workers-0 | INFO  | PersistBlockTask | Imported empty block #6,027 / 0 tx / 0 om / 0 (0.0%) gas / (0x023f19c0a093617731515bd1fbfcd567c9649f900e0a9093532802eb1286f345) in 0.002s. Peers: 7
2026-02-18 10:01:14.026-0500 | EthScheduler-Workers-0 | INFO  | PersistBlockTask | Imported empty block #6,028 / 0 tx / 0 om / 0 (0.0%) gas / (0xa2e6235670fd8b2a1e20f6da9d8756adb07869b7f202367f87eb0d15313309d5) in 0.007s. Peers: 7
2026-02-18 10:01:19.013-0500 | EthScheduler-Workers-0 | INFO  | PersistBlockTask | Imported empty block #6,029 / 0 tx / 0 om / 0 (0.0%) gas / (0x57f01f00333c021cb713cdda7a1fc22a81597df9812c6daedc9b81c212e83a8d) in 0.002s. Peers: 7
2026-02-18 10:01:24.015-0500 | EthScheduler-Workers-0 | INFO  | PersistBlockTask | Imported empty block #6,030 / 0 tx / 0 om / 0 (0.0%) gas / (0x7870e6d848178db181f2baf6cebb1e565b5d989da92facfd77b093bba7a0c731) in 0.002s. Peers: 7
2026-02-18 10:01:38.334-0500 | EthScheduler-Workers-0 | INFO  | PersistBlockTask | Imported empty block #6,031 / 0 tx / 0 om / 0 (0.0%) gas / (0x91accfb53684f0d6d07226a3ed28eb85b6a285d93ef64854504910ae26ed0cf3) in 0.004s. Peers: 7
2026-02-18 10:01:43.016-0500 | EthScheduler-Workers-0 | INFO  | PersistBlockTask | Imported empty block #6,032 / 0 tx / 0 om / 0 (0.0%) gas / (0xa05d0f66bd0283a48b06c5bb1875603d504d2304b3e113443691330b32c9ccdb) in 0.003s. Peers: 7
2026-02-18 10:01:48.015-0500 | EthScheduler-Workers-0 | INFO  | PersistBlockTask | Imported empty block #6,033 / 0 tx / 0 om / 0 (0.0%) gas / (0xd9a5ff9e80e69d046a8c3e71134372218f33265306f5048251600d32a2e8a753) in 0.003s. Peers: 7
2026-02-18 10:01:53.014-0500 | EthScheduler-Workers-0 | INFO  | PersistBlockTask | Imported empty block #6,034 / 0 tx / 0 om / 0 (0.0%) gas / (0x9ae35e1a9d309bf8c0267a790dc4dc2684c6194d47f30cc12d88f0fb7e032e22) in 0.003s. Peers: 7
2026-02-18 10:01:58.016-0500 | EthScheduler-Workers-0 | INFO  | PersistBlockTask | Imported empty block #6,035 / 0 tx / 0 om / 0 (0.0%) gas / (0x43848b1a78cadcbdf9e5f59f3d890a0f6b4393181d0f497dc5f5d479f59c3aab) in 0.003s. Peers: 7
2026-02-18 10:02:12.302-0500 | EthScheduler-Workers-0 | INFO  | PersistBlockTask | Imported empty block #6,036 / 0 tx / 0 om / 0 (0.0%) gas / (0xfab8812c93ff9b878f449b822d89e90087050943e4b868a4f1371fafac233fda) in 0.004s. Peers: 7
2026-02-18 10:02:17.017-0500 | EthScheduler-Workers-0 | INFO  | PersistBlockTask | Imported empty block #6,037 / 0 tx / 0 om / 0 (0.0%) gas / (0xf9e366ae9d6a1c4dfcb0537fdc1cf73dce4d7ec8722281598e5cc5f33f4294ce) in 0.002s. Peers: 7
2026-02-18 10:02:22.019-0500 | EthScheduler-Workers-0 | INFO  | PersistBlockTask | Imported empty block #6,038 / 0 tx / 0 om / 0 (0.0%) gas / (0xa42bc02e9a088e93637fbd7db71b6976fd3201fe6caec56561e7e7a8da02ca30) in 0.006s. Peers: 7
2026-02-18 10:02:27.016-0500 | EthScheduler-Workers-0 | INFO  | PersistBlockTask | Imported empty block #6,039 / 0 tx / 0 om / 0 (0.0%) gas / (0x8886012161b4af68814c4a72870b48dec0b0d2683220545853beb991fe2c1960) in 0.002s. Peers: 7
2026-02-18 10:02:41.311-0500 | EthScheduler-Workers-0 | INFO  | PersistBlockTask | Imported empty block #6,040 / 0 tx / 0 om / 0 (0.0%) gas / (0xf279fc9a38c5a2b8efad6221fb88e9c3a6c2759ac5f69f10e33c22090098d253) in 0.002s. Peers: 7
2026-02-18 10:02:46.013-0500 | EthScheduler-Workers-0 | INFO  | PersistBlockTask | Imported empty block #6,041 / 0 tx / 0 om / 0 (0.0%) gas / (0x38042d223044a7aa2a981289419c5bff3d8ea3d2c9cde3fc6b3b710c43dcb09c) in 0.002s. Peers: 7
2026-02-18 10:02:51.015-0500 | EthScheduler-Workers-0 | INFO  | PersistBlockTask | Imported empty block #6,042 / 0 tx / 0 om / 0 (0.0%) gas / (0x164c07f25fc44d306ebfab5c3be0e3e7ef38e8ba5a624aed61c79c967a4a99ef) in 0.004s. Peers: 7
2026-02-18 10:02:56.017-0500 | EthScheduler-Workers-0 | INFO  | PersistBlockTask | Imported empty block #6,043 / 0 tx / 0 om / 0 (0.0%) gas / (0xe94f38e5f9d32526893cfe0d21e05e179c7ed82b261594a103199d4e58c69d1a) in 0.002s. Peers: 7
2026-02-18 10:03:01.011-0500 | EthScheduler-Workers-0 | INFO  | PersistBlockTask | Imported empty block #6,044 / 0 tx / 0 om / 0 (0.0%) gas / (0xa96ea559019169e63ff11420dae602ba13293b22f8a3eb2dc91dabe9ec4a73ef) in 0.002s. Peers: 7
2026-02-18 10:03:15.322-0500 | EthScheduler-Workers-0 | INFO  | PersistBlockTask | Imported empty block #6,045 / 0 tx / 0 om / 0 (0.0%) gas / (0xc18cfe2c7131fea1e6ab9fd5814de5da2b14760a241d8350aa4e26380a19fbd8) in 0.004s. Peers: 7
2026-02-18 10:03:20.015-0500 | EthScheduler-Workers-0 | INFO  | PersistBlockTask | Imported empty block #6,046 / 0 tx / 0 om / 0 (0.0%) gas / (0x25f811564de71620e722b2e98658d37f400cf4595fd03bc8662ad77333d0a461) in 0.003s. Peers: 7
2026-02-18 10:03:25.018-0500 | EthScheduler-Workers-0 | INFO  | PersistBlockTask | Imported empty block #6,047 / 0 tx / 0 om / 0 (0.0%) gas / (0x1df97167b20357349def9a9d7477bf5fcc8ffae8361c6cad91e5ed2fb40d281d) in 0.004s. Peers: 7
2026-02-18 10:03:30.020-0500 | EthScheduler-Workers-0 | INFO  | PersistBlockTask | Imported empty block #6,048 / 0 tx / 0 om / 0 (0.0%) gas / (0x7b85b7ae1dd1831e219b2e721443c91619e86bae4903c4709441bdb8ac6bd64a) in 0.002s. Peers: 7
2026-02-18 10:03:44.308-0500 | EthScheduler-Workers-0 | INFO  | PersistBlockTask | Imported empty block #6,049 / 0 tx / 0 om / 0 (0.0%) gas / (0xcca7b88085efe6b743a99e3c962803335128e3a16ded11b2aa336a9acda5d0f7) in 0.003s. Peers: 7
2026-02-18 10:03:49.016-0500 | EthScheduler-Workers-0 | INFO  | PersistBlockTask | Imported empty block #6,050 / 0 tx / 0 om / 0 (0.0%) gas / (0xb78aa7bcddd5678db832a417bec9a6444439c1dc4062390ab4800239088f0d5c) in 0.004s. Peers: 7
2026-02-18 10:03:54.014-0500 | EthScheduler-Workers-0 | INFO  | PersistBlockTask | Imported empty block #6,051 / 0 tx / 0 om / 0 (0.0%) gas / (0xec43a9682f0ac8160c79cd4b8a4c4e2b8e6b277b063700960bff7eb54b66a3ff) in 0.002s. Peers: 7
2026-02-18 10:03:59.012-0500 | EthScheduler-Workers-0 | INFO  | PersistBlockTask | Imported empty block #6,052 / 0 tx / 0 om / 0 (0.0%) gas / (0x7276f4da217313ac574b3d77c0426ac178fc424d8c0f5921c6ebc3ce8d5be8ce) in 0.003s. Peers: 7
2026-02-18 10:04:04.018-0500 | EthScheduler-Workers-0 | INFO  | PersistBlockTask | Imported empty block #6,053 / 0 tx / 0 om / 0 (0.0%) gas / (0xd14c9a927883e2aeed64ec7627274cc933b0cb1d44e49fcc7f95962b5cceaa8e) in 0.003s. Peers: 7
